#
# There is insufficient memory for the Java Runtime Environment to continue.
# Native memory allocation (malloc) failed to allocate 149792 bytes for Chunk::new
# Possible reasons:
#   The system is out of physical RAM or swap space
#   The process is running with CompressedOops enabled, and the Java Heap may be blocking the growth of the native heap
# Possible solutions:
#   Reduce memory load on the system
#   Increase physical memory or swap space
#   Check if swap backing store is full
#   Decrease Java heap size (-Xmx/-Xms)
#   Decrease number of Java threads
#   Decrease Java thread stack sizes (-Xss)
#   Set larger code cache with -XX:ReservedCodeCacheSize=
#   JVM is running with Unscaled Compressed Oops mode in which the Java heap is
#     placed in the first 4GB address space. The Java Heap base address is the
#     maximum limit for the native heap growth. Please use -XX:HeapBaseMinAddress
#     to set the Java Heap base and to place the Java Heap above 4GB virtual address.
# This output file may be truncated or incomplete.
#
#  Out of Memory Error (arena.cpp:184), pid=18944, tid=30284
#
# JRE version: Java(TM) SE Runtime Environment (18.0+36) (build 18+36-2087)
# Java VM: Java HotSpot(TM) 64-Bit Server VM (18+36-2087, mixed mode, sharing, tiered, compressed oops, compressed class ptrs, g1 gc, windows-amd64)
# No core dump will be written. Minidumps are not enabled by default on client versions of Windows
#

---------------  S U M M A R Y ------------

Command Line: -Xmx64m -Xms64m -Dorg.gradle.appname=gradlew org.gradle.wrapper.GradleWrapperMain tasks

Host: Intel(R) Core(TM) i5-7200U CPU @ 2.50GHz, 4 cores, 7G,  Windows 10 , 64 bit Build 19041 (10.0.19041.3570)
Time: Tue Nov 14 20:25:36 2023 E. South America Standard Time elapsed time: 106.203836 seconds (0d 0h 1m 46s)

---------------  T H R E A D  ---------------

Current thread (0x0000024633ef88c0):  JavaThread "C2 CompilerThread0" daemon [_thread_in_native, id=30284, stack(0x000000c6cab00000,0x000000c6cac00000)]


Current CompileTask:
C2: 106203 1296       4       java.util.HashSet::add (20 bytes)

Stack: [0x000000c6cab00000,0x000000c6cac00000]
Native frames: (J=compiled Java code, j=interpreted, Vv=VM code, C=native code)
V  [jvm.dll+0x69804a]
V  [jvm.dll+0x7f308d]
V  [jvm.dll+0x7f499e]
V  [jvm.dll+0x7f5053]
V  [jvm.dll+0x25ca3f]
V  [jvm.dll+0xb8c2f]
V  [jvm.dll+0xb8fa5]
V  [jvm.dll+0x385a6b]
V  [jvm.dll+0x1d2455]
V  [jvm.dll+0x22fd79]
V  [jvm.dll+0x22eff1]
V  [jvm.dll+0x1b9cfc]
V  [jvm.dll+0x23e8ca]
V  [jvm.dll+0x23cbac]
V  [jvm.dll+0x7a5781]
V  [jvm.dll+0x79fbba]
V  [jvm.dll+0x696ef5]
C  [ucrtbase.dll+0x21bb2]
C  [KERNEL32.DLL+0x17344]
C  [ntdll.dll+0x526b1]


---------------  P R O C E S S  ---------------

Threads class SMR info:
_java_thread_list=0x0000024638898ea0, length=13, elements={
0x000002461afa61a0, 0x000002461b05c700, 0x000002461b05df80, 0x0000024633ef6ed0,
0x0000024633ef7480, 0x0000024633ef7a30, 0x0000024633ef7fe0, 0x0000024633ef88c0,
0x0000024633ef8eb0, 0x0000024633f7bf30, 0x000002463841b1b0, 0x0000024638423e40,
0x0000024638bbb4b0
}

Java Threads: ( => current thread )
  0x000002461afa61a0 JavaThread "main" [_thread_in_Java, id=21824, stack(0x000000c6c9e00000,0x000000c6c9f00000)]
  0x000002461b05c700 JavaThread "Reference Handler" daemon [_thread_blocked, id=30232, stack(0x000000c6ca500000,0x000000c6ca600000)]
  0x000002461b05df80 JavaThread "Finalizer" daemon [_thread_blocked, id=30236, stack(0x000000c6ca600000,0x000000c6ca700000)]
  0x0000024633ef6ed0 JavaThread "Signal Dispatcher" daemon [_thread_blocked, id=30268, stack(0x000000c6ca700000,0x000000c6ca800000)]
  0x0000024633ef7480 JavaThread "Attach Listener" daemon [_thread_blocked, id=30272, stack(0x000000c6ca800000,0x000000c6ca900000)]
  0x0000024633ef7a30 JavaThread "Service Thread" daemon [_thread_blocked, id=30276, stack(0x000000c6ca900000,0x000000c6caa00000)]
  0x0000024633ef7fe0 JavaThread "Monitor Deflation Thread" daemon [_thread_blocked, id=30280, stack(0x000000c6caa00000,0x000000c6cab00000)]
=>0x0000024633ef88c0 JavaThread "C2 CompilerThread0" daemon [_thread_in_native, id=30284, stack(0x000000c6cab00000,0x000000c6cac00000)]
  0x0000024633ef8eb0 JavaThread "C1 CompilerThread0" daemon [_thread_blocked, id=30332, stack(0x000000c6cac00000,0x000000c6cad00000)]
  0x0000024633f7bf30 JavaThread "Sweeper thread" daemon [_thread_blocked, id=30384, stack(0x000000c6cad00000,0x000000c6cae00000)]
  0x000002463841b1b0 JavaThread "Notification Thread" daemon [_thread_blocked, id=30432, stack(0x000000c6cae00000,0x000000c6caf00000)]
  0x0000024638423e40 JavaThread "Common-Cleaner" daemon [_thread_blocked, id=30492, stack(0x000000c6cb000000,0x000000c6cb100000)]
  0x0000024638bbb4b0 JavaThread "pool-1-thread-1" [_thread_blocked, id=32636, stack(0x000000c6c9c00000,0x000000c6c9d00000)]

Other Threads:
  0x000002461b059f70 VMThread "VM Thread" [stack: 0x000000c6ca400000,0x000000c6ca500000] [id=29968]
  0x000002463400ed60 WatcherThread "VM Periodic Task Thread" [stack: 0x000000c6caf00000,0x000000c6cb000000] [id=30436]
  0x000002461afcaf40 WorkerThread "GC Thread#0" [stack: 0x000000c6c9f00000,0x000000c6ca000000] [id=29768]
  0x00000246387fe820 WorkerThread "GC Thread#1" [stack: 0x000000c6cb100000,0x000000c6cb200000] [id=26432]
  0x000002463857fe20 WorkerThread "GC Thread#2" [stack: 0x000000c6cb200000,0x000000c6cb300000] [id=27912]
  0x0000024638515590 WorkerThread "GC Thread#3" [stack: 0x000000c6cb300000,0x000000c6cb400000] [id=23444]
  0x000002461afcc670 ConcurrentGCThread "G1 Main Marker" [stack: 0x000000c6ca000000,0x000000c6ca100000] [id=29772]
  0x000002461afcd060 WorkerThread "G1 Conc#0" [stack: 0x000000c6ca100000,0x000000c6ca200000] [id=29776]
  0x000002461aff6480 ConcurrentGCThread "G1 Refine#0" [stack: 0x000000c6ca200000,0x000000c6ca300000] [id=29780]
  0x000002461aff6d90 ConcurrentGCThread "G1 Service" [stack: 0x000000c6ca300000,0x000000c6ca400000] [id=29784]

Threads with active compile tasks:
C2 CompilerThread0   106488 1296       4       java.util.HashSet::add (20 bytes)

VM state: not at safepoint (normal execution)

VM Mutex/Monitor currently owned by a thread:  ([mutex/lock_event])
[0x000002461afa2780] MethodCompileQueue_lock - owner thread: 0x000002461afa61a0

Heap address: 0x00000000fc000000, size: 64 MB, Compressed Oops mode: 32-bit

CDS archive(s) mapped at: [0x0000000800000000-0x0000000800ba0000-0x0000000800ba0000), size 12189696, SharedBaseAddress: 0x0000000800000000, ArchiveRelocationMode: 0.
Compressed class space mapped at: 0x0000000800c00000-0x0000000840c00000, reserved size: 1073741824
Narrow klass base: 0x0000000800000000, Narrow klass shift: 0, Narrow klass range: 0x100000000

GC Precious Log:
 CardTable entry size: 512
 Card Set container configuration: InlinePtr #cards 5 size 8 Array Of Cards #cards 12 size 40 Howl #buckets 4 coarsen threshold 1843 Howl Bitmap #cards 512 size 80 coarsen threshold 460 Card regions per heap region 1 cards per card region 2048
 CPUs: 4 total, 4 available
 Memory: 8067M
 Large Page Support: Disabled
 NUMA Support: Disabled
 Compressed Oops: Enabled (32-bit)
 Heap Region Size: 1M
 Heap Min Capacity: 64M
 Heap Initial Capacity: 64M
 Heap Max Capacity: 64M
 Pre-touch: Disabled
 Parallel Workers: 4
 Concurrent Workers: 1
 Concurrent Refinement Workers: 4
 Periodic GC: Disabled

Heap:
 garbage-first heap   total 65536K, used 18256K [0x00000000fc000000, 0x0000000100000000)
  region size 1024K, 11 young (11264K), 3 survivors (3072K)
 Metaspace       used 7399K, committed 7744K, reserved 1114112K
  class space    used 995K, committed 1152K, reserved 1048576K

Heap Regions: E=young(eden), S=young(survivor), O=old, HS=humongous(starts), HC=humongous(continues), CS=collection set, F=free, OA=open archive, CA=closed archive, TAMS=top-at-mark-start (previous, next)
|   0|0x00000000fc000000, 0x00000000fc100000, 0x00000000fc100000|100%| O|  |TAMS 0x00000000fc000000, 0x00000000fc000000| Untracked 
|   1|0x00000000fc100000, 0x00000000fc200000, 0x00000000fc200000|100%| O|  |TAMS 0x00000000fc100000, 0x00000000fc100000| Untracked 
|   2|0x00000000fc200000, 0x00000000fc300000, 0x00000000fc300000|100%|HS|  |TAMS 0x00000000fc200000, 0x00000000fc200000| Complete 
|   3|0x00000000fc300000, 0x00000000fc400000, 0x00000000fc400000|100%|HC|  |TAMS 0x00000000fc300000, 0x00000000fc300000| Complete 
|   4|0x00000000fc400000, 0x00000000fc500000, 0x00000000fc500000|100%|HC|  |TAMS 0x00000000fc400000, 0x00000000fc400000| Complete 
|   5|0x00000000fc500000, 0x00000000fc600000, 0x00000000fc600000|100%|HC|  |TAMS 0x00000000fc500000, 0x00000000fc500000| Complete 
|   6|0x00000000fc600000, 0x00000000fc700000, 0x00000000fc700000|100%| O|  |TAMS 0x00000000fc600000, 0x00000000fc600000| Untracked 
|   7|0x00000000fc700000, 0x00000000fc7d4000, 0x00000000fc800000| 82%| O|  |TAMS 0x00000000fc700000, 0x00000000fc700000| Untracked 
|   8|0x00000000fc800000, 0x00000000fc800000, 0x00000000fc900000|  0%| F|  |TAMS 0x00000000fc800000, 0x00000000fc800000| Untracked 
|   9|0x00000000fc900000, 0x00000000fc900000, 0x00000000fca00000|  0%| F|  |TAMS 0x00000000fc900000, 0x00000000fc900000| Untracked 
|  10|0x00000000fca00000, 0x00000000fca00000, 0x00000000fcb00000|  0%| F|  |TAMS 0x00000000fca00000, 0x00000000fca00000| Untracked 
|  11|0x00000000fcb00000, 0x00000000fcb00000, 0x00000000fcc00000|  0%| F|  |TAMS 0x00000000fcb00000, 0x00000000fcb00000| Untracked 
|  12|0x00000000fcc00000, 0x00000000fcc00000, 0x00000000fcd00000|  0%| F|  |TAMS 0x00000000fcc00000, 0x00000000fcc00000| Untracked 
|  13|0x00000000fcd00000, 0x00000000fcd00000, 0x00000000fce00000|  0%| F|  |TAMS 0x00000000fcd00000, 0x00000000fcd00000| Untracked 
|  14|0x00000000fce00000, 0x00000000fce00000, 0x00000000fcf00000|  0%| F|  |TAMS 0x00000000fce00000, 0x00000000fce00000| Untracked 
|  15|0x00000000fcf00000, 0x00000000fcf00000, 0x00000000fd000000|  0%| F|  |TAMS 0x00000000fcf00000, 0x00000000fcf00000| Untracked 
|  16|0x00000000fd000000, 0x00000000fd000000, 0x00000000fd100000|  0%| F|  |TAMS 0x00000000fd000000, 0x00000000fd000000| Untracked 
|  17|0x00000000fd100000, 0x00000000fd100000, 0x00000000fd200000|  0%| F|  |TAMS 0x00000000fd100000, 0x00000000fd100000| Untracked 
|  18|0x00000000fd200000, 0x00000000fd200000, 0x00000000fd300000|  0%| F|  |TAMS 0x00000000fd200000, 0x00000000fd200000| Untracked 
|  19|0x00000000fd300000, 0x00000000fd300000, 0x00000000fd400000|  0%| F|  |TAMS 0x00000000fd300000, 0x00000000fd300000| Untracked 
|  20|0x00000000fd400000, 0x00000000fd400000, 0x00000000fd500000|  0%| F|  |TAMS 0x00000000fd400000, 0x00000000fd400000| Untracked 
|  21|0x00000000fd500000, 0x00000000fd500000, 0x00000000fd600000|  0%| F|  |TAMS 0x00000000fd500000, 0x00000000fd500000| Untracked 
|  22|0x00000000fd600000, 0x00000000fd600000, 0x00000000fd700000|  0%| F|  |TAMS 0x00000000fd600000, 0x00000000fd600000| Untracked 
|  23|0x00000000fd700000, 0x00000000fd700000, 0x00000000fd800000|  0%| F|  |TAMS 0x00000000fd700000, 0x00000000fd700000| Untracked 
|  24|0x00000000fd800000, 0x00000000fd800000, 0x00000000fd900000|  0%| F|  |TAMS 0x00000000fd800000, 0x00000000fd800000| Untracked 
|  25|0x00000000fd900000, 0x00000000fd900000, 0x00000000fda00000|  0%| F|  |TAMS 0x00000000fd900000, 0x00000000fd900000| Untracked 
|  26|0x00000000fda00000, 0x00000000fda00000, 0x00000000fdb00000|  0%| F|  |TAMS 0x00000000fda00000, 0x00000000fda00000| Untracked 
|  27|0x00000000fdb00000, 0x00000000fdb00000, 0x00000000fdc00000|  0%| F|  |TAMS 0x00000000fdb00000, 0x00000000fdb00000| Untracked 
|  28|0x00000000fdc00000, 0x00000000fdc00000, 0x00000000fdd00000|  0%| F|  |TAMS 0x00000000fdc00000, 0x00000000fdc00000| Untracked 
|  29|0x00000000fdd00000, 0x00000000fdd00000, 0x00000000fde00000|  0%| F|  |TAMS 0x00000000fdd00000, 0x00000000fdd00000| Untracked 
|  30|0x00000000fde00000, 0x00000000fde00000, 0x00000000fdf00000|  0%| F|  |TAMS 0x00000000fde00000, 0x00000000fde00000| Untracked 
|  31|0x00000000fdf00000, 0x00000000fdf00000, 0x00000000fe000000|  0%| F|  |TAMS 0x00000000fdf00000, 0x00000000fdf00000| Untracked 
|  32|0x00000000fe000000, 0x00000000fe000000, 0x00000000fe100000|  0%| F|  |TAMS 0x00000000fe000000, 0x00000000fe000000| Untracked 
|  33|0x00000000fe100000, 0x00000000fe100000, 0x00000000fe200000|  0%| F|  |TAMS 0x00000000fe100000, 0x00000000fe100000| Untracked 
|  34|0x00000000fe200000, 0x00000000fe200000, 0x00000000fe300000|  0%| F|  |TAMS 0x00000000fe200000, 0x00000000fe200000| Untracked 
|  35|0x00000000fe300000, 0x00000000fe300000, 0x00000000fe400000|  0%| F|  |TAMS 0x00000000fe300000, 0x00000000fe300000| Untracked 
|  36|0x00000000fe400000, 0x00000000fe400000, 0x00000000fe500000|  0%| F|  |TAMS 0x00000000fe400000, 0x00000000fe400000| Untracked 
|  37|0x00000000fe500000, 0x00000000fe500000, 0x00000000fe600000|  0%| F|  |TAMS 0x00000000fe500000, 0x00000000fe500000| Untracked 
|  38|0x00000000fe600000, 0x00000000fe600000, 0x00000000fe700000|  0%| F|  |TAMS 0x00000000fe600000, 0x00000000fe600000| Untracked 
|  39|0x00000000fe700000, 0x00000000fe700000, 0x00000000fe800000|  0%| F|  |TAMS 0x00000000fe700000, 0x00000000fe700000| Untracked 
|  40|0x00000000fe800000, 0x00000000fe800000, 0x00000000fe900000|  0%| F|  |TAMS 0x00000000fe800000, 0x00000000fe800000| Untracked 
|  41|0x00000000fe900000, 0x00000000fe900000, 0x00000000fea00000|  0%| F|  |TAMS 0x00000000fe900000, 0x00000000fe900000| Untracked 
|  42|0x00000000fea00000, 0x00000000fea00000, 0x00000000feb00000|  0%| F|  |TAMS 0x00000000fea00000, 0x00000000fea00000| Untracked 
|  43|0x00000000feb00000, 0x00000000feb00000, 0x00000000fec00000|  0%| F|  |TAMS 0x00000000feb00000, 0x00000000feb00000| Untracked 
|  44|0x00000000fec00000, 0x00000000fed00000, 0x00000000fed00000|100%| S|CS|TAMS 0x00000000fec00000, 0x00000000fec00000| Complete 
|  45|0x00000000fed00000, 0x00000000fee00000, 0x00000000fee00000|100%| S|CS|TAMS 0x00000000fed00000, 0x00000000fed00000| Complete 
|  46|0x00000000fee00000, 0x00000000fef00000, 0x00000000fef00000|100%| S|CS|TAMS 0x00000000fee00000, 0x00000000fee00000| Complete 
|  47|0x00000000fef00000, 0x00000000fef00000, 0x00000000ff000000|  0%| F|  |TAMS 0x00000000fef00000, 0x00000000fef00000| Untracked 
|  48|0x00000000ff000000, 0x00000000ff000000, 0x00000000ff100000|  0%| F|  |TAMS 0x00000000ff000000, 0x00000000ff000000| Untracked 
|  49|0x00000000ff100000, 0x00000000ff100000, 0x00000000ff200000|  0%| F|  |TAMS 0x00000000ff100000, 0x00000000ff100000| Untracked 
|  50|0x00000000ff200000, 0x00000000ff200000, 0x00000000ff300000|  0%| F|  |TAMS 0x00000000ff200000, 0x00000000ff200000| Untracked 
|  51|0x00000000ff300000, 0x00000000ff300000, 0x00000000ff400000|  0%| F|  |TAMS 0x00000000ff300000, 0x00000000ff300000| Untracked 
|  52|0x00000000ff400000, 0x00000000ff400000, 0x00000000ff500000|  0%| F|  |TAMS 0x00000000ff400000, 0x00000000ff400000| Untracked 
|  53|0x00000000ff500000, 0x00000000ff500000, 0x00000000ff600000|  0%| F|  |TAMS 0x00000000ff500000, 0x00000000ff500000| Untracked 
|  54|0x00000000ff600000, 0x00000000ff600000, 0x00000000ff700000|  0%| F|  |TAMS 0x00000000ff600000, 0x00000000ff600000| Untracked 
|  55|0x00000000ff700000, 0x00000000ff700000, 0x00000000ff800000|  0%| F|  |TAMS 0x00000000ff700000, 0x00000000ff700000| Untracked 
|  56|0x00000000ff800000, 0x00000000ff848e28, 0x00000000ff900000| 28%| E|  |TAMS 0x00000000ff800000, 0x00000000ff800000| Complete 
|  57|0x00000000ff900000, 0x00000000ffa00000, 0x00000000ffa00000|100%| E|CS|TAMS 0x00000000ff900000, 0x00000000ff900000| Complete 
|  58|0x00000000ffa00000, 0x00000000ffb00000, 0x00000000ffb00000|100%| E|CS|TAMS 0x00000000ffa00000, 0x00000000ffa00000| Complete 
|  59|0x00000000ffb00000, 0x00000000ffc00000, 0x00000000ffc00000|100%| E|CS|TAMS 0x00000000ffb00000, 0x00000000ffb00000| Complete 
|  60|0x00000000ffc00000, 0x00000000ffd00000, 0x00000000ffd00000|100%| E|CS|TAMS 0x00000000ffc00000, 0x00000000ffc00000| Complete 
|  61|0x00000000ffd00000, 0x00000000ffe00000, 0x00000000ffe00000|100%| E|CS|TAMS 0x00000000ffd00000, 0x00000000ffd00000| Complete 
|  62|0x00000000ffe00000, 0x00000000fff00000, 0x00000000fff00000|100%| E|CS|TAMS 0x00000000ffe00000, 0x00000000ffe00000| Complete 
|  63|0x00000000fff00000, 0x0000000100000000, 0x0000000100000000|100%| E|CS|TAMS 0x00000000fff00000, 0x00000000fff00000| Complete 

Card table byte_map: [0x0000024618f40000,0x0000024618f60000] _byte_map_base: 0x0000024618760000

Marking Bits (Prev, Next): (CMBitMap*) 0x000002461afcb540, (CMBitMap*) 0x000002461afcb580
 Prev Bits: [0x000002461ad90000, 0x000002461ae90000)
 Next Bits: [0x00000246318d0000, 0x00000246319d0000)

Polling page: 0x0000024618ef0000

Metaspace:

Usage:
  Non-class:      6.25 MB used.
      Class:    995.76 KB used.
       Both:      7.23 MB used.

Virtual space:
  Non-class space:       64.00 MB reserved,       6.44 MB ( 10%) committed,  1 nodes.
      Class space:        1.00 GB reserved,       1.12 MB ( <1%) committed,  1 nodes.
             Both:        1.06 GB reserved,       7.56 MB ( <1%) committed. 

Chunk freelists:
   Non-Class:  688.00 KB
       Class:  2.70 MB
        Both:  3.37 MB

MaxMetaspaceSize: unlimited
CompressedClassSpaceSize: 1.00 GB
Initial GC threshold: 21.00 MB
Current GC threshold: 21.00 MB
CDS: on
MetaspaceReclaimPolicy: balanced
 - commit_granule_bytes: 65536.
 - commit_granule_words: 8192.
 - virtual_space_node_default_size: 8388608.
 - enlarge_chunks_in_place: 1.
 - new_chunks_are_fully_committed: 0.
 - uncommit_free_chunks: 1.
 - use_allocation_guard: 0.


Internal statistics:

num_allocs_failed_limit: 0.
num_arena_births: 196.
num_arena_deaths: 0.
num_vsnodes_births: 2.
num_vsnodes_deaths: 0.
num_space_committed: 121.
num_space_uncommitted: 0.
num_chunks_returned_to_freelist: 0.
num_chunks_taken_from_freelist: 404.
num_chunk_merges: 0.
num_chunk_splits: 263.
num_chunks_enlarged: 194.
num_inconsistent_stats: 0.

CodeHeap 'non-profiled nmethods': size=120000Kb used=430Kb max_used=430Kb free=119569Kb
 bounds [0x000002462a3a0000, 0x000002462a610000, 0x00000246318d0000]
CodeHeap 'profiled nmethods': size=120000Kb used=2648Kb max_used=2648Kb free=117351Kb
 bounds [0x0000024622e70000, 0x0000024623110000, 0x000002462a3a0000]
CodeHeap 'non-nmethods': size=5760Kb used=1171Kb max_used=1185Kb free=4589Kb
 bounds [0x00000246228d0000, 0x0000024622b40000, 0x0000024622e70000]
 total_blobs=1803 nmethods=1348 adapters=368
 compilation: enabled
              stopped_count=0, restarted_count=0
 full_count=0

Compilation events (20 events):
Event: 105.280 Thread 0x0000024633ef8eb0 nmethod 1285 0x00000246230cfd10 code [0x00000246230cff20, 0x00000246230d0698]
Event: 105.301 Thread 0x0000024633ef8eb0 1287       3       java.net.URI$Parser::scan (53 bytes)
Event: 105.302 Thread 0x0000024633ef8eb0 nmethod 1287 0x00000246230d0890 code [0x00000246230d0b20, 0x00000246230d1758]
Event: 105.303 Thread 0x0000024633ef8eb0 1288       3       java.net.URI$Parser::<init> (30 bytes)
Event: 105.303 Thread 0x0000024633ef8eb0 nmethod 1288 0x00000246230d1c90 code [0x00000246230d1e40, 0x00000246230d20d8]
Event: 105.304 Thread 0x0000024633ef8eb0 1289       3       java.net.URI$Parser::parse (243 bytes)
Event: 105.306 Thread 0x0000024633ef8eb0 nmethod 1289 0x00000246230d2210 code [0x00000246230d26c0, 0x00000246230d4858]
Event: 105.307 Thread 0x0000024633ef8eb0 1290       3       java.net.URI::isAbsolute (13 bytes)
Event: 105.307 Thread 0x0000024633ef8eb0 nmethod 1290 0x00000246230d5590 code [0x00000246230d5720, 0x00000246230d5898]
Event: 105.307 Thread 0x0000024633ef8eb0 1291       3       java.net.URI::isOpaque (13 bytes)
Event: 105.307 Thread 0x0000024633ef8eb0 nmethod 1291 0x00000246230d5910 code [0x00000246230d5aa0, 0x00000246230d5c18]
Event: 105.307 Thread 0x0000024633ef8eb0 1292       1       java.net.URI::getRawAuthority (5 bytes)
Event: 105.307 Thread 0x0000024633ef8eb0 nmethod 1292 0x000002462a409890 code [0x000002462a409a20, 0x000002462a409af8]
Event: 105.307 Thread 0x0000024633ef8eb0 1293       1       java.net.URI::getRawFragment (5 bytes)
Event: 105.307 Thread 0x0000024633ef8eb0 nmethod 1293 0x000002462a409b90 code [0x000002462a409d20, 0x000002462a409df8]
Event: 105.307 Thread 0x0000024633ef8eb0 1294       1       java.net.URI::getRawQuery (5 bytes)
Event: 105.307 Thread 0x0000024633ef8eb0 nmethod 1294 0x000002462a409e90 code [0x000002462a40a020, 0x000002462a40a0f8]
Event: 105.307 Thread 0x0000024633ef88c0 1295       4       java.net.URI$Parser::scan (76 bytes)
Event: 105.313 Thread 0x0000024633ef88c0 nmethod 1295 0x000002462a40a190 code [0x000002462a40a320, 0x000002462a40a5c8]
Event: 105.313 Thread 0x0000024633ef88c0 1296       4       java.util.HashSet::add (20 bytes)

GC Heap History (4 events):
Event: 44.079 GC heap before
{Heap before GC invocations=0 (full 0):
 garbage-first heap   total 65536K, used 12288K [0x00000000fc000000, 0x0000000100000000)
  region size 1024K, 13 young (13312K), 0 survivors (0K)
 Metaspace       used 1813K, committed 1984K, reserved 1114112K
  class space    used 161K, committed 256K, reserved 1048576K
}
Event: 44.887 GC heap after
{Heap after GC invocations=1 (full 0):
 garbage-first heap   total 65536K, used 3372K [0x00000000fc000000, 0x0000000100000000)
  region size 1024K, 2 young (2048K), 2 survivors (2048K)
 Metaspace       used 1813K, committed 1984K, reserved 1114112K
  class space    used 161K, committed 256K, reserved 1048576K
}
Event: 75.470 GC heap before
{Heap before GC invocations=1 (full 0):
 garbage-first heap   total 65536K, used 21804K [0x00000000fc000000, 0x0000000100000000)
  region size 1024K, 17 young (17408K), 2 survivors (2048K)
 Metaspace       used 5729K, committed 6016K, reserved 1114112K
  class space    used 771K, committed 896K, reserved 1048576K
}
Event: 75.474 GC heap after
{Heap after GC invocations=2 (full 0):
 garbage-first heap   total 65536K, used 11088K [0x00000000fc000000, 0x0000000100000000)
  region size 1024K, 3 young (3072K), 3 survivors (3072K)
 Metaspace       used 5729K, committed 6016K, reserved 1114112K
  class space    used 771K, committed 896K, reserved 1048576K
}

Deoptimization events (20 events):
Event: 74.590 Thread 0x000002461afa61a0 Uncommon trap: trap_request=0xffffffde fr.pc=0x000002462a3f8948 relative=0x0000000000000128
Event: 74.590 Thread 0x000002461afa61a0 Uncommon trap: reason=class_check action=maybe_recompile pc=0x000002462a3f8948 method=jdk.internal.misc.Unsafe.allocateUninitializedArray(Ljava/lang/Class;I)Ljava/lang/Object; @ 51 c2
Event: 74.590 Thread 0x000002461afa61a0 DEOPT PACKING pc=0x000002462a3f8948 sp=0x000000c6c9efc200
Event: 74.590 Thread 0x000002461afa61a0 DEOPT UNPACKING pc=0x00000246229223a3 sp=0x000000c6c9efc188 mode 2
Event: 74.835 Thread 0x000002461afa61a0 Uncommon trap: trap_request=0xffffff45 fr.pc=0x000002462a3c788c relative=0x000000000000078c
Event: 74.835 Thread 0x000002461afa61a0 Uncommon trap: reason=unstable_if action=reinterpret pc=0x000002462a3c788c method=java.util.HashMap.putVal(ILjava/lang/Object;Ljava/lang/Object;ZZ)Ljava/lang/Object; @ 236 c2
Event: 74.835 Thread 0x000002461afa61a0 DEOPT PACKING pc=0x000002462a3c788c sp=0x000000c6c9efcdb0
Event: 74.835 Thread 0x000002461afa61a0 DEOPT UNPACKING pc=0x00000246229223a3 sp=0x000000c6c9efcd68 mode 2
Event: 75.823 Thread 0x000002461afa61a0 DEOPT PACKING pc=0x0000024622f2f365 sp=0x000000c6c9efb680
Event: 75.823 Thread 0x000002461afa61a0 DEOPT UNPACKING pc=0x0000024622922b43 sp=0x000000c6c9efaad0 mode 0
Event: 76.038 Thread 0x000002461afa61a0 DEOPT PACKING pc=0x0000024622f76181 sp=0x000000c6c9efb0c0
Event: 76.038 Thread 0x000002461afa61a0 DEOPT UNPACKING pc=0x0000024622922b43 sp=0x000000c6c9efa5c8 mode 0
Event: 76.918 Thread 0x000002461afa61a0 Uncommon trap: trap_request=0xffffffc6 fr.pc=0x000002462a3f3abc relative=0x00000000000002fc
Event: 76.918 Thread 0x000002461afa61a0 Uncommon trap: reason=bimorphic_or_optimized_type_check action=maybe_recompile pc=0x000002462a3f3abc method=java.util.concurrent.ConcurrentHashMap.get(Ljava/lang/Object;)Ljava/lang/Object; @ 149 c2
Event: 76.918 Thread 0x000002461afa61a0 DEOPT PACKING pc=0x000002462a3f3abc sp=0x000000c6c9efc8d0
Event: 76.918 Thread 0x000002461afa61a0 DEOPT UNPACKING pc=0x00000246229223a3 sp=0x000000c6c9efc840 mode 2
Event: 80.338 Thread 0x000002461afa61a0 Uncommon trap: trap_request=0xffffff45 fr.pc=0x000002462a3e8a1c relative=0x000000000000173c
Event: 80.338 Thread 0x000002461afa61a0 Uncommon trap: reason=unstable_if action=reinterpret pc=0x000002462a3e8a1c method=java.io.WinNTFileSystem.normalize(Ljava/lang/String;)Ljava/lang/String; @ 128 c2
Event: 80.338 Thread 0x000002461afa61a0 DEOPT PACKING pc=0x000002462a3e8a1c sp=0x000000c6c9efc8b0
Event: 80.339 Thread 0x000002461afa61a0 DEOPT UNPACKING pc=0x00000246229223a3 sp=0x000000c6c9efc888 mode 2

Classes loaded (20 events):
Event: 93.292 Loading class java/nio/channels/OverlappingFileLockException
Event: 93.292 Loading class java/nio/channels/OverlappingFileLockException done
Event: 93.292 Loading class java/io/EOFException
Event: 93.292 Loading class java/io/EOFException done
Event: 101.087 Loading class java/io/DataOutputStream
Event: 101.088 Loading class java/io/DataOutputStream done
Event: 101.088 Loading class java/net/DatagramPacket
Event: 101.088 Loading class java/net/DatagramPacket done
Event: 101.088 Loading class sun/nio/ch/Util
Event: 101.088 Loading class sun/nio/ch/Util done
Event: 101.089 Loading class sun/nio/ch/Util$1
Event: 101.089 Loading class sun/nio/ch/Util$1 done
Event: 101.089 Loading class sun/nio/ch/Util$BufferCache
Event: 101.089 Loading class sun/nio/ch/Util$BufferCache done
Event: 101.089 Loading class java/nio/DirectByteBuffer$Deallocator
Event: 101.089 Loading class java/nio/DirectByteBuffer$Deallocator done
Event: 101.091 Loading class sun/nio/ch/IOStatus
Event: 101.091 Loading class sun/nio/ch/IOStatus done
Event: 105.283 Loading class java/io/FileOutputStream$1
Event: 105.283 Loading class java/io/FileOutputStream$1 done

Classes unloaded (0 events):
No events

Classes redefined (0 events):
No events

Internal exceptions (20 events):
Event: 7.122 Thread 0x000002461afa61a0 Exception <a 'java/lang/NoSuchMethodError'{0x00000000ffda5c28}: 'void java.lang.invoke.DirectMethodHandle$Holder.invokeSpecial(java.lang.Object, java.lang.Object, java.lang.Object)'> (0x00000000ffda5c28) 
thrown [t:\workspace\open\src\hotspot\share\interpreter\linkResolver.cpp, line 766]
Event: 7.158 Thread 0x000002461afa61a0 Exception <a 'java/lang/NoSuchMethodError'{0x00000000ffdfc0f0}: 'void java.lang.invoke.DirectMethodHandle$Holder.invokeStatic(java.lang.Object, java.lang.Object, java.lang.Object)'> (0x00000000ffdfc0f0) 
thrown [t:\workspace\open\src\hotspot\share\interpreter\linkResolver.cpp, line 766]
Event: 7.168 Thread 0x000002461afa61a0 Exception <a 'java/lang/NoSuchMethodError'{0x00000000ffc4d7a8}: 'java.lang.Object java.lang.invoke.Invokers$Holder.invokeExact_MT(java.lang.Object, java.lang.Object, java.lang.Object, java.lang.Object, java.lang.Object)'> (0x00000000ffc4d7a8) 
thrown [t:\workspace\open\src\hotspot\share\interpreter\linkResolver.cpp, line 766]
Event: 11.792 Thread 0x000002461afa61a0 Exception <a 'java/lang/NoSuchMethodError'{0x00000000ffc7d090}: 'int java.lang.invoke.DirectMethodHandle$Holder.invokeStaticInit(java.lang.Object, java.lang.Object)'> (0x00000000ffc7d090) 
thrown [t:\workspace\open\src\hotspot\share\interpreter\linkResolver.cpp, line 766]
Event: 69.546 Thread 0x000002461afa61a0 Exception <a 'java/lang/NoClassDefFoundError'{0x00000000ff8575e0}: org/slf4j/impl/StaticMarkerBinder> (0x00000000ff8575e0) 
thrown [t:\workspace\open\src\hotspot\share\classfile\systemDictionary.cpp, line 244]
Event: 69.921 Thread 0x000002461afa61a0 Exception <a 'java/lang/NoSuchMethodError'{0x00000000ff8e4d88}: 'java.lang.Object java.lang.invoke.DirectMethodHandle$Holder.invokeVirtual(java.lang.Object, java.lang.Object, java.lang.Object, java.lang.Object, java.lang.Object, java.lang.Object, java.lang.Object)'> (0x00000000ff8e4d88) 
thrown [t:\workspace\open\src\hotspot\share\interpreter\linkResolver.cpp, line 766]
Event: 69.925 Thread 0x000002461afa61a0 Exception <a 'java/lang/NoSuchMethodError'{0x00000000ff8f93f8}: 'java.lang.Object java.lang.invoke.DirectMethodHandle$Holder.invokeStatic(java.lang.Object, java.lang.Object, int)'> (0x00000000ff8f93f8) 
thrown [t:\workspace\open\src\hotspot\share\interpreter\linkResolver.cpp, line 766]
Event: 69.928 Thread 0x000002461afa61a0 Exception <a 'java/lang/NoSuchMethodError'{0x00000000ff7055c8}: 'void java.lang.invoke.DelegatingMethodHandle$Holder.delegate(java.lang.Object, java.lang.Object, int, java.lang.Object)'> (0x00000000ff7055c8) 
thrown [t:\workspace\open\src\hotspot\share\interpreter\linkResolver.cpp, line 766]
Event: 69.929 Thread 0x000002461afa61a0 Exception <a 'java/lang/NoSuchMethodError'{0x00000000ff709718}: 'int java.lang.invoke.DirectMethodHandle$Holder.invokeSpecial(java.lang.Object, java.lang.Object, java.lang.Object)'> (0x00000000ff709718) 
thrown [t:\workspace\open\src\hotspot\share\interpreter\linkResolver.cpp, line 766]
Event: 70.783 Thread 0x000002461afa61a0 Exception <a 'java/lang/NoSuchMethodError'{0x00000000ff7a96a8}: 'java.lang.Object java.lang.invoke.DirectMethodHandle$Holder.invokeVirtual(java.lang.Object, java.lang.Object, java.lang.Object)'> (0x00000000ff7a96a8) 
thrown [t:\workspace\open\src\hotspot\share\interpreter\linkResolver.cpp, line 766]
Event: 73.291 Thread 0x000002461afa61a0 Exception <a 'java/lang/NoSuchMethodError'{0x00000000ff5f6428}: 'java.lang.Object java.lang.invoke.DirectMethodHandle$Holder.invokeVirtual(java.lang.Object, java.lang.Object, java.lang.Object, java.lang.Object)'> (0x00000000ff5f6428) 
thrown [t:\workspace\open\src\hotspot\share\interpreter\linkResolver.cpp, line 766]
Event: 73.653 Thread 0x000002461afa61a0 Exception <a 'java/lang/NoSuchMethodError'{0x00000000ff471ce0}: 'java.lang.Object java.lang.invoke.DirectMethodHandle$Holder.invokeVirtual(java.lang.Object, java.lang.Object, java.lang.Object, java.lang.Object, java.lang.Object, java.lang.Object)'> (0x00000000ff471ce0) 
thrown [t:\workspace\open\src\hotspot\share\interpreter\linkResolver.cpp, line 766]
Event: 74.792 Thread 0x000002461afa61a0 Exception <a 'java/lang/NoSuchMethodError'{0x00000000ff0bf470}: 'java.lang.Object java.lang.invoke.DirectMethodHandle$Holder.invokeStaticInit(java.lang.Object)'> (0x00000000ff0bf470) 
thrown [t:\workspace\open\src\hotspot\share\interpreter\linkResolver.cpp, line 766]
Event: 75.479 Thread 0x000002461afa61a0 Exception <a 'java/lang/NoSuchMethodError'{0x00000000fff13228}: 'java.lang.Object java.lang.invoke.DirectMethodHandle$Holder.invokeVirtual(java.lang.Object, java.lang.Object, java.lang.Object, java.lang.Object, java.lang.Object)'> (0x00000000fff13228) 
thrown [t:\workspace\open\src\hotspot\share\interpreter\linkResolver.cpp, line 766]
Event: 75.482 Thread 0x000002461afa61a0 Exception <a 'java/lang/NoSuchMethodError'{0x00000000fff27798}: 'java.lang.Object java.lang.invoke.Invokers$Holder.invokeExact_MT(java.lang.Object, java.lang.Object, java.lang.Object, java.lang.Object, java.lang.Object, java.lang.Object)'> (0x00000000fff27798) 
thrown [t:\workspace\open\src\hotspot\share\interpreter\linkResolver.cpp, line 766]
Event: 76.066 Thread 0x000002461afa61a0 Exception <a 'java/lang/NoSuchMethodError'{0x00000000ffefd508}: 'java.lang.Object java.lang.invoke.DirectMethodHandle$Holder.invokeVirtual(java.lang.Object, java.lang.Object, java.lang.Object, java.lang.Object, java.lang.Object, java.lang.Object, java.lang.Object, java.lang.Object)'> (0x00000000ffefd508) 
thrown [t:\workspace\open\src\hotspot\share\interpreter\linkResolver.cpp, line 766]
Event: 76.067 Thread 0x000002461afa61a0 Exception <a 'java/lang/NoSuchMethodError'{0x00000000ffd02f20}: 'java.lang.Object java.lang.invoke.DirectMethodHandle$Holder.invokeSpecial(java.lang.Object, java.lang.Object, java.lang.Object, java.lang.Object, java.lang.Object, java.lang.Object, java.lang.Object, java.lang.Object, java.lang.Object)'> (0x00000000ffd02f20) 
thrown [t:\workspace\open\src\hotspot\share\interpreter\linkResolver.cpp, line 766]
Event: 76.911 Thread 0x000002461afa61a0 Exception <a 'java/lang/NoSuchMethodError'{0x00000000ffc352c0}: 'java.lang.Object java.lang.invoke.DirectMethodHandle$Holder.invokeStaticInit(java.lang.Object, int, int, int, int)'> (0x00000000ffc352c0) 
thrown [t:\workspace\open\src\hotspot\share\interpreter\linkResolver.cpp, line 766]
Event: 80.367 Thread 0x000002461afa61a0 Exception <a 'java/lang/NoSuchMethodError'{0x00000000ffcf7038}: 'java.lang.Object java.lang.invoke.DirectMethodHandle$Holder.invokeStaticInit(java.lang.Object, java.lang.Object, int, int, int, int)'> (0x00000000ffcf7038) 
thrown [t:\workspace\open\src\hotspot\share\interpreter\linkResolver.cpp, line 766]
Event: 105.289 Thread 0x000002461afa61a0 Exception <a 'java/lang/NoSuchMethodError'{0x00000000ffa202b8}: 'void java.lang.invoke.DirectMethodHandle$Holder.invokeInterface(java.lang.Object, java.lang.Object, java.lang.Object)'> (0x00000000ffa202b8) 
thrown [t:\workspace\open\src\hotspot\share\interpreter\linkResolver.cpp, line 766]

VM Operations (20 events):
Event: 76.837 Executing VM operation: Cleanup
Event: 76.878 Executing VM operation: Cleanup done
Event: 77.892 Executing VM operation: Cleanup
Event: 77.893 Executing VM operation: Cleanup done
Event: 78.901 Executing VM operation: Cleanup
Event: 78.901 Executing VM operation: Cleanup done
Event: 79.910 Executing VM operation: Cleanup
Event: 79.910 Executing VM operation: Cleanup done
Event: 80.340 Executing VM operation: HandshakeAllThreads
Event: 80.341 Executing VM operation: HandshakeAllThreads done
Event: 81.351 Executing VM operation: Cleanup
Event: 81.351 Executing VM operation: Cleanup done
Event: 94.447 Executing VM operation: Cleanup
Event: 94.447 Executing VM operation: Cleanup done
Event: 98.479 Executing VM operation: Cleanup
Event: 98.480 Executing VM operation: Cleanup done
Event: 101.516 Executing VM operation: Cleanup
Event: 101.516 Executing VM operation: Cleanup done
Event: 103.535 Executing VM operation: Cleanup
Event: 103.535 Executing VM operation: Cleanup done

Events (20 events):
Event: 3.003 Thread 0x000002461b05c700 Thread added: 0x000002461b05c700
Event: 3.003 Thread 0x000002461b05df80 Thread added: 0x000002461b05df80
Event: 3.457 Thread 0x0000024633ef6ed0 Thread added: 0x0000024633ef6ed0
Event: 3.457 Thread 0x0000024633ef7480 Thread added: 0x0000024633ef7480
Event: 3.457 Thread 0x0000024633ef7a30 Thread added: 0x0000024633ef7a30
Event: 3.457 Thread 0x0000024633ef7fe0 Thread added: 0x0000024633ef7fe0
Event: 3.457 Thread 0x0000024633ef88c0 Thread added: 0x0000024633ef88c0
Event: 3.753 Thread 0x0000024633ef8eb0 Thread added: 0x0000024633ef8eb0
Event: 4.052 Thread 0x0000024633f7bf30 Thread added: 0x0000024633f7bf30
Event: 4.195 Thread 0x000002463841b1b0 Thread added: 0x000002463841b1b0
Event: 4.425 Thread 0x0000024638423e40 Thread added: 0x0000024638423e40
Event: 4.690 Loaded shared library C:\Program Files\Java\jdk-18\bin\net.dll
Event: 4.700 Loaded shared library C:\Program Files\Java\jdk-18\bin\nio.dll
Event: 4.709 Loaded shared library C:\Program Files\Java\jdk-18\bin\zip.dll
Event: 29.386 Loaded shared library C:\Program Files\Java\jdk-18\bin\jimage.dll
Event: 44.910 Loaded shared library C:\Program Files\Java\jdk-18\bin\verify.dll
Event: 70.746 Loaded shared library C:\Users\admin\.gradle\native\68d5fa5c4cc2d200863cafc0d521ce42e7d3e7ee720ec0a83991735586a16f82\windows-amd64\native-platform.dll
Event: 71.830 Thread 0x0000024638bbb4b0 Thread added: 0x0000024638bbb4b0
Event: 74.798 Loaded shared library C:\Program Files\Java\jdk-18\bin\management.dll
Event: 74.812 Loaded shared library C:\Program Files\Java\jdk-18\bin\management_ext.dll


Dynamic libraries:
0x00007ff7cf6a0000 - 0x00007ff7cf6b0000 	C:\Program Files\Java\jdk-18\bin\java.exe
0x00007ffe47510000 - 0x00007ffe47707000 	C:\Windows\SYSTEM32\ntdll.dll
0x00007ffe471b0000 - 0x00007ffe4726d000 	C:\Windows\System32\KERNEL32.DLL
0x00007ffe44ea0000 - 0x00007ffe45196000 	C:\Windows\System32\KERNELBASE.dll
0x00007ffe45210000 - 0x00007ffe45310000 	C:\Windows\System32\ucrtbase.dll
0x00007ffe2c8f0000 - 0x00007ffe2c908000 	C:\Program Files\Java\jdk-18\bin\jli.dll
0x00007ffe47280000 - 0x00007ffe4732e000 	C:\Windows\System32\ADVAPI32.dll
0x00007ffe456b0000 - 0x00007ffe4574e000 	C:\Windows\System32\msvcrt.dll
0x00007ffe45e90000 - 0x00007ffe45f2c000 	C:\Windows\System32\sechost.dll
0x00007ffe45d60000 - 0x00007ffe45e86000 	C:\Windows\System32\RPCRT4.dll
0x00007ffe46060000 - 0x00007ffe461fe000 	C:\Windows\System32\USER32.dll
0x00007ffe45310000 - 0x00007ffe45332000 	C:\Windows\System32\win32u.dll
0x00007ffe46200000 - 0x00007ffe4622c000 	C:\Windows\System32\GDI32.dll
0x00007ffe44d80000 - 0x00007ffe44e9a000 	C:\Windows\System32\gdi32full.dll
0x00007ffe454d0000 - 0x00007ffe4556d000 	C:\Windows\System32\msvcp_win.dll
0x00007ffe0f4d0000 - 0x00007ffe0f4ea000 	C:\Program Files\Java\jdk-18\bin\VCRUNTIME140.dll
0x00007ffe379d0000 - 0x00007ffe379da000 	C:\Windows\SYSTEM32\VERSION.dll
0x00007ffe31dd0000 - 0x00007ffe3206a000 	C:\Windows\WinSxS\amd64_microsoft.windows.common-controls_6595b64144ccf1df_6.0.19041.3570_none_60bb2a3971f3e41a\COMCTL32.dll
0x00007ffe46990000 - 0x00007ffe469c0000 	C:\Windows\System32\IMM32.DLL
0x00007ffe3df20000 - 0x00007ffe3df2c000 	C:\Program Files\Java\jdk-18\bin\vcruntime140_1.dll
0x00007ffe081f0000 - 0x00007ffe0827d000 	C:\Program Files\Java\jdk-18\bin\msvcp140.dll
0x00007ffdb6660000 - 0x00007ffdb7271000 	C:\Program Files\Java\jdk-18\bin\server\jvm.dll
0x00007ffe45d50000 - 0x00007ffe45d58000 	C:\Windows\System32\PSAPI.DLL
0x00007ffe1cea0000 - 0x00007ffe1cea9000 	C:\Windows\SYSTEM32\WSOCK32.dll
0x00007ffe47140000 - 0x00007ffe471ab000 	C:\Windows\System32\WS2_32.dll
0x00007ffe2e4f0000 - 0x00007ffe2e517000 	C:\Windows\SYSTEM32\WINMM.dll
0x00007ffe42a50000 - 0x00007ffe42a62000 	C:\Windows\SYSTEM32\kernel.appcore.dll
0x00007ffe3cfc0000 - 0x00007ffe3cfca000 	C:\Program Files\Java\jdk-18\bin\jimage.dll
0x00007ffe2e200000 - 0x00007ffe2e3e4000 	C:\Windows\SYSTEM32\DBGHELP.DLL
0x00007ffe274c0000 - 0x00007ffe274f4000 	C:\Windows\SYSTEM32\dbgcore.DLL
0x00007ffe44bf0000 - 0x00007ffe44c72000 	C:\Windows\System32\bcryptPrimitives.dll
0x00007ffe08cc0000 - 0x00007ffe08ce5000 	C:\Program Files\Java\jdk-18\bin\java.dll
0x00007ffe07bc0000 - 0x00007ffe07c96000 	C:\Program Files\Java\jdk-18\bin\jsvml.dll
0x00007ffe46240000 - 0x00007ffe46984000 	C:\Windows\System32\SHELL32.dll
0x00007ffe42c50000 - 0x00007ffe433eb000 	C:\Windows\SYSTEM32\windows.storage.dll
0x00007ffe46c50000 - 0x00007ffe46fa4000 	C:\Windows\System32\combase.dll
0x00007ffe44480000 - 0x00007ffe444ad000 	C:\Windows\SYSTEM32\Wldp.dll
0x00007ffe45570000 - 0x00007ffe4561d000 	C:\Windows\System32\SHCORE.dll
0x00007ffe45cf0000 - 0x00007ffe45d45000 	C:\Windows\System32\shlwapi.dll
0x00007ffe44b20000 - 0x00007ffe44b45000 	C:\Windows\SYSTEM32\profapi.dll
0x00007ffe07ae0000 - 0x00007ffe07af3000 	C:\Program Files\Java\jdk-18\bin\net.dll
0x00007ffe38880000 - 0x00007ffe3898a000 	C:\Windows\SYSTEM32\WINHTTP.dll
0x00007ffe44260000 - 0x00007ffe442ca000 	C:\Windows\system32\mswsock.dll
0x00007ffe07ac0000 - 0x00007ffe07ad6000 	C:\Program Files\Java\jdk-18\bin\nio.dll
0x00007ffe081d0000 - 0x00007ffe081e8000 	C:\Program Files\Java\jdk-18\bin\zip.dll
0x00007ffe2c8e0000 - 0x00007ffe2c8f0000 	C:\Program Files\Java\jdk-18\bin\verify.dll
0x00007ffe07b90000 - 0x00007ffe07bb7000 	C:\Users\admin\.gradle\native\68d5fa5c4cc2d200863cafc0d521ce42e7d3e7ee720ec0a83991735586a16f82\windows-amd64\native-platform.dll
0x00007ffe0f790000 - 0x00007ffe0f799000 	C:\Program Files\Java\jdk-18\bin\management.dll
0x00007ffe0f750000 - 0x00007ffe0f75b000 	C:\Program Files\Java\jdk-18\bin\management_ext.dll
0x00007ffe444c0000 - 0x00007ffe444d8000 	C:\Windows\SYSTEM32\CRYPTSP.dll
0x00007ffe43b90000 - 0x00007ffe43bc4000 	C:\Windows\system32\rsaenh.dll
0x00007ffe45340000 - 0x00007ffe45367000 	C:\Windows\System32\bcrypt.dll
0x00007ffe44ae0000 - 0x00007ffe44b0e000 	C:\Windows\SYSTEM32\USERENV.dll
0x00007ffe443f0000 - 0x00007ffe443fc000 	C:\Windows\SYSTEM32\CRYPTBASE.dll
0x00007ffe43f70000 - 0x00007ffe43fab000 	C:\Windows\SYSTEM32\IPHLPAPI.DLL
0x00007ffe47270000 - 0x00007ffe47278000 	C:\Windows\System32\NSI.dll
0x00007ffe3d050000 - 0x00007ffe3d067000 	C:\Windows\SYSTEM32\dhcpcsvc6.DLL
0x00007ffe3d160000 - 0x00007ffe3d17d000 	C:\Windows\SYSTEM32\dhcpcsvc.DLL
0x00007ffe43fb0000 - 0x00007ffe4407a000 	C:\Windows\SYSTEM32\DNSAPI.dll

dbghelp: loaded successfully - version: 4.0.5 - missing functions: none
symbol engine: initialized successfully - sym options: 0x614 - pdb path: .;C:\Program Files\Java\jdk-18\bin;C:\Windows\SYSTEM32;C:\Windows\WinSxS\amd64_microsoft.windows.common-controls_6595b64144ccf1df_6.0.19041.3570_none_60bb2a3971f3e41a;C:\Program Files\Java\jdk-18\bin\server;C:\Users\admin\.gradle\native\68d5fa5c4cc2d200863cafc0d521ce42e7d3e7ee720ec0a83991735586a16f82\windows-amd64

VM Arguments:
jvm_args: -Xmx64m -Xms64m -Dorg.gradle.appname=gradlew 
java_command: org.gradle.wrapper.GradleWrapperMain tasks
java_class_path (initial): C:\projects\neurax_react_native_app\neuraxreactnativeapp\android\\gradle\wrapper\gradle-wrapper.jar
Launcher Type: SUN_STANDARD

[Global flags]
     intx CICompilerCount                          = 3                                         {product} {ergonomic}
     uint ConcGCThreads                            = 1                                         {product} {ergonomic}
     uint G1ConcRefinementThreads                  = 4                                         {product} {ergonomic}
   size_t G1HeapRegionSize                         = 1048576                                   {product} {ergonomic}
    uintx GCDrainStackTargetSize                   = 64                                        {product} {ergonomic}
   size_t InitialHeapSize                          = 67108864                                  {product} {command line}
   size_t MarkStackSize                            = 4194304                                   {product} {ergonomic}
   size_t MaxHeapSize                              = 67108864                                  {product} {command line}
   size_t MaxNewSize                               = 39845888                                  {product} {ergonomic}
   size_t MinHeapDeltaBytes                        = 1048576                                   {product} {ergonomic}
   size_t MinHeapSize                              = 67108864                                  {product} {command line}
    uintx NonNMethodCodeHeapSize                   = 5832780                                {pd product} {ergonomic}
    uintx NonProfiledCodeHeapSize                  = 122912730                              {pd product} {ergonomic}
    uintx ProfiledCodeHeapSize                     = 122912730                              {pd product} {ergonomic}
    uintx ReservedCodeCacheSize                    = 251658240                              {pd product} {ergonomic}
     bool SegmentedCodeCache                       = true                                      {product} {ergonomic}
   size_t SoftMaxHeapSize                          = 67108864                               {manageable} {ergonomic}
     bool UseCompressedClassPointers               = true                           {product lp64_product} {ergonomic}
     bool UseCompressedOops                        = true                           {product lp64_product} {ergonomic}
     bool UseG1GC                                  = true                                      {product} {ergonomic}
     bool UseLargePagesIndividualAllocation        = false                                  {pd product} {ergonomic}

Logging:
Log output configuration:
 #0: stdout all=warning uptime,level,tags foldmultilines=false
 #1: stderr all=off uptime,level,tags foldmultilines=false

Environment Variables:
CLASSPATH=C:\projects\neurax_react_native_app\neuraxreactnativeapp\android\\gradle\wrapper\gradle-wrapper.jar
PATH=C:\projects\neurax_react_native_app\neuraxreactnativeapp\node_modules\.bin;C:\projects\neurax_react_native_app\neuraxreactnativeapp\node_modules\.bin;C:\projects\neurax_react_native_app\node_modules\.bin;C:\projects\node_modules\.bin;C:\node_modules\.bin;C:\Users\admin\AppData\Roaming\nvm\v18.18.2\node_modules\npm\node_modules\@npmcli\run-script\lib\node-gyp-bin;C:\projects\neurax_react_native_app\neuraxreactnativeapp\node_modules\.bin;C:\projects\neurax_react_native_app\neuraxreactnativeapp\node_modules\.bin;C:\projects\neurax_react_native_app\node_modules\.bin;C:\projects\node_modules\.bin;C:\node_modules\.bin;C:\Users\admin\AppData\Roaming\nvm\v18.18.2\node_modules\npm\node_modules\@npmcli\run-script\lib\node-gyp-bin;C:\Program Files\Common Files\Oracle\Java\javapath;C:\Windows\system32;C:\Windows;C:\Windows\System32\Wbem;C:\Windows\System32\WindowsPowerShell\v1.0\;C:\Windows\System32\OpenSSH\;C:\Program Files\OpenVPN\bin;C:\ghdl\bin\ghdl.exe;C:\gtkwave\bin\gtkwave.exe;C:\Program Files\MATLAB\R2022a\bin;C:\Program Files\Azure Data Studio\bin;C:\Program Files\Microsoft SQL Server\150\Tools\Binn\;C:\Program Files\Microsoft SQL Server\Client SDK\ODBC\170\Tools\Binn\;C:\Program Files\dotnet\;C:\Program Files\Git\cmd;C:\Program Files\PuTTY\;C:\Program Files\Docker\Docker\resources\bin;C:\ProgramData\DockerDesktop\version-bin;C:\Program Files (x86)\Microsoft SQL Server\160\Tools\Binn\;C:\Program Files\Microsoft SQL Server\160\Tools\Binn\;C:\Program Files\Microsoft SQL Server\160\DTS\Binn\;C:\Program Files (x86)\Microsoft SQL Server\160\DTS\Binn\;C:\Program Files (x86)\Windows Kits\8.1\Windows Performance Toolkit\;C:\Program Files\NVIDIA Corporation\NVIDIA NvDLISR;C:\Program Files\MySQL\MySQL Server 8.0\bin;C:\Users\admin\AppData\Roaming\nvm;C:\Program Files\nodejs;C:\Users\admin\AppData\Local\Programs\Python\Python311\Scripts\;C:\Users\admin\AppData\Local\Programs\Python\Python311\;C:\Program Files\MySQL\MySQL Shell 8.0\bin\;C:\Users\admin\AppData\Local\Microsoft\WindowsApps;C:\ghdl\bin;C:\gtkwave\bin;C:\Users\admin\AppData\Local\Programs\Microsoft VS Code\bin;C:\Users\admin\.dotnet\tools;C:\src\flutter\bin;C:\MinGW\bin
USERNAME=admin
LANG=en_US.UTF-8
OS=Windows_NT
PROCESSOR_IDENTIFIER=Intel64 Family 6 Model 142 Stepping 9, GenuineIntel



---------------  S Y S T E M  ---------------

OS:
 Windows 10 , 64 bit Build 19041 (10.0.19041.3570)
OS uptime: 0 days 6:49 hours
Hyper-V role detected

CPU: total 4 (initial active 4) (2 cores per cpu, 2 threads per core) family 6 model 142 stepping 9 microcode 0xb4, cx8, cmov, fxsr, ht, mmx, 3dnowpref, sse, sse2, sse3, ssse3, sse4.1, sse4.2, popcnt, lzcnt, tsc, tscinvbit, avx, avx2, aes, erms, clmul, bmi1, bmi2, adx, fma, vzeroupper, clflush, clflushopt, hv

Memory: 4k page, system-wide physical 8067M (210M free)
TotalPageFile size 32643M (AvailPageFile size 54M)
current process WorkingSet (physical memory assigned to process): 69M, peak: 78M
current process commit charge ("private bytes"): 153M, peak: 153M

vm_info: Java HotSpot(TM) 64-Bit Server VM (18+36-2087) for windows-amd64 JRE (18+36-2087), built on Feb 15 2022 09:43:11 by "mach5one" with MS VC++ 16.8 / 16.9 (VS2019)

END.
