#
# There is insufficient memory for the Java Runtime Environment to continue.
# Native memory allocation (mmap) failed to map 65536 bytes for Failed to commit metaspace.
# Possible reasons:
#   The system is out of physical RAM or swap space
#   The process is running with CompressedOops enabled, and the Java Heap may be blocking the growth of the native heap
# Possible solutions:
#   Reduce memory load on the system
#   Increase physical memory or swap space
#   Check if swap backing store is full
#   Decrease Java heap size (-Xmx/-Xms)
#   Decrease number of Java threads
#   Decrease Java thread stack sizes (-Xss)
#   Set larger code cache with -XX:ReservedCodeCacheSize=
#   JVM is running with Unscaled Compressed Oops mode in which the Java heap is
#     placed in the first 4GB address space. The Java Heap base address is the
#     maximum limit for the native heap growth. Please use -XX:HeapBaseMinAddress
#     to set the Java Heap base and to place the Java Heap above 4GB virtual address.
# This output file may be truncated or incomplete.
#
#  Out of Memory Error (virtualSpaceNode.cpp:110), pid=2164, tid=23536
#
# JRE version: Java(TM) SE Runtime Environment (18.0+36) (build 18+36-2087)
# Java VM: Java HotSpot(TM) 64-Bit Server VM (18+36-2087, mixed mode, sharing, tiered, compressed oops, compressed class ptrs, g1 gc, windows-amd64)
# No core dump will be written. Minidumps are not enabled by default on client versions of Windows
#

---------------  S U M M A R Y ------------

Command Line: -Xmx64m -Xms64m -Dorg.gradle.appname=gradlew org.gradle.wrapper.GradleWrapperMain tasks

Host: Intel(R) Core(TM) i5-7200U CPU @ 2.50GHz, 4 cores, 7G,  Windows 10 , 64 bit Build 19041 (10.0.19041.3570)
Time: Tue Nov 14 20:25:51 2023 E. South America Standard Time elapsed time: 141.134761 seconds (0d 0h 2m 21s)

---------------  T H R E A D  ---------------

Current thread (0x000001cbbf9a0a50):  JavaThread "Exec process" [_thread_in_vm, id=23536, stack(0x00000047f3800000,0x00000047f3900000)]

Stack: [0x00000047f3800000,0x00000047f3900000]
Native frames: (J=compiled Java code, j=interpreted, Vv=VM code, C=native code)
V  [jvm.dll+0x69804a]
V  [jvm.dll+0x7f308d]
V  [jvm.dll+0x7f499e]
V  [jvm.dll+0x7f5053]
V  [jvm.dll+0x25ca3f]
V  [jvm.dll+0x7eed9b]
V  [jvm.dll+0x63e276]
V  [jvm.dll+0x63e2da]
V  [jvm.dll+0x640b5e]
V  [jvm.dll+0x640a1e]
V  [jvm.dll+0x63ec3e]
V  [jvm.dll+0x650149]
V  [jvm.dll+0x649534]
V  [jvm.dll+0x3a15a1]
C  0x000001cba96dc711

Java frames: (J=compiled Java code, j=interpreted, Vv=VM code)
j  java.util.Scanner.revertState(Z)Z+0 java.base@18
j  java.util.Scanner.hasNext()Z+34 java.base@18
j  org.gradle.launcher.daemon.bootstrap.DaemonOutputConsumer.start()V+57
j  org.gradle.process.internal.DefaultExecHandle$CompositeStreamsHandler.start()V+19
j  org.gradle.process.internal.ExecHandleRunner.run()V+25
j  org.gradle.internal.operations.CurrentBuildOperationPreservingRunnable.run()V+11
j  org.gradle.internal.concurrent.ExecutorPolicy$CatchAndRecordFailures.onExecute(Ljava/lang/Runnable;)V+1
j  org.gradle.internal.concurrent.ManagedExecutorImpl$1.run()V+25
j  java.util.concurrent.ThreadPoolExecutor.runWorker(Ljava/util/concurrent/ThreadPoolExecutor$Worker;)V+92 java.base@18
j  java.util.concurrent.ThreadPoolExecutor$Worker.run()V+5 java.base@18
j  java.lang.Thread.run()V+11 java.base@18
v  ~StubRoutines::call_stub

---------------  P R O C E S S  ---------------

Threads class SMR info:
_java_thread_list=0x000001cbbf9ab250, length=14, elements={
0x000001cba1da6490, 0x000001cba1e5bc00, 0x000001cba1e5d870, 0x000001cbbacf4e60,
0x000001cbbacf5710, 0x000001cbbacf60b0, 0x000001cbbacf6a50, 0x000001cbbacf7720,
0x000001cbbacf8100, 0x000001cbbad7a0f0, 0x000001cbbf027850, 0x000001cbbf029f90,
0x000001cbbf51fba0, 0x000001cbbf9a0a50
}

Java Threads: ( => current thread )
  0x000001cba1da6490 JavaThread "main" [_thread_blocked, id=2704, stack(0x00000047f2000000,0x00000047f2100000)]
  0x000001cba1e5bc00 JavaThread "Reference Handler" daemon [_thread_blocked, id=18176, stack(0x00000047f2800000,0x00000047f2900000)]
  0x000001cba1e5d870 JavaThread "Finalizer" daemon [_thread_blocked, id=20540, stack(0x00000047f2900000,0x00000047f2a00000)]
  0x000001cbbacf4e60 JavaThread "Signal Dispatcher" daemon [_thread_blocked, id=22400, stack(0x00000047f2a00000,0x00000047f2b00000)]
  0x000001cbbacf5710 JavaThread "Attach Listener" daemon [_thread_blocked, id=3028, stack(0x00000047f2b00000,0x00000047f2c00000)]
  0x000001cbbacf60b0 JavaThread "Service Thread" daemon [_thread_blocked, id=11952, stack(0x00000047f2c00000,0x00000047f2d00000)]
  0x000001cbbacf6a50 JavaThread "Monitor Deflation Thread" daemon [_thread_blocked, id=20252, stack(0x00000047f2d00000,0x00000047f2e00000)]
  0x000001cbbacf7720 JavaThread "C2 CompilerThread0" daemon [_thread_blocked, id=21104, stack(0x00000047f2e00000,0x00000047f2f00000)]
  0x000001cbbacf8100 JavaThread "C1 CompilerThread0" daemon [_thread_blocked, id=6132, stack(0x00000047f2f00000,0x00000047f3000000)]
  0x000001cbbad7a0f0 JavaThread "Sweeper thread" daemon [_thread_blocked, id=5800, stack(0x00000047f3000000,0x00000047f3100000)]
  0x000001cbbf027850 JavaThread "Notification Thread" daemon [_thread_blocked, id=5392, stack(0x00000047f3100000,0x00000047f3200000)]
  0x000001cbbf029f90 JavaThread "Common-Cleaner" daemon [_thread_blocked, id=8460, stack(0x00000047f3300000,0x00000047f3400000)]
  0x000001cbbf51fba0 JavaThread "pool-1-thread-1" [_thread_blocked, id=27660, stack(0x00000047f3700000,0x00000047f3800000)]
=>0x000001cbbf9a0a50 JavaThread "Exec process" [_thread_in_vm, id=23536, stack(0x00000047f3800000,0x00000047f3900000)]

Other Threads:
  0x000001cba1e59470 VMThread "VM Thread" [stack: 0x00000047f2700000,0x00000047f2800000] [id=3412]
  0x000001cbbf029d20 WatcherThread "VM Periodic Task Thread" [stack: 0x00000047f3200000,0x00000047f3300000] [id=20520]
  0x000001cba1dcb140 WorkerThread "GC Thread#0" [stack: 0x00000047f2200000,0x00000047f2300000] [id=20240]
  0x000001cbbf3acd10 WorkerThread "GC Thread#1" [stack: 0x00000047f3400000,0x00000047f3500000] [id=30380]
  0x000001cbbf126e90 WorkerThread "GC Thread#2" [stack: 0x00000047f3500000,0x00000047f3600000] [id=30520]
  0x000001cbbf127130 WorkerThread "GC Thread#3" [stack: 0x00000047f3600000,0x00000047f3700000] [id=30524]
  0x000001cba1dcc870 ConcurrentGCThread "G1 Main Marker" [stack: 0x00000047f2300000,0x00000047f2400000] [id=24832]
  0x000001cba1dcd260 WorkerThread "G1 Conc#0" [stack: 0x00000047f2400000,0x00000047f2500000] [id=28276]
  0x000001cba1df6630 ConcurrentGCThread "G1 Refine#0" [stack: 0x00000047f2500000,0x00000047f2600000] [id=26168]
  0x000001cba1df6f40 ConcurrentGCThread "G1 Service" [stack: 0x00000047f2600000,0x00000047f2700000] [id=18764]

Threads with active compile tasks:

VM state: not at safepoint (normal execution)

VM Mutex/Monitor currently owned by a thread:  ([mutex/lock_event])
[0x000001cba1d9f630] Metaspace_lock - owner thread: 0x000001cbbf9a0a50

Heap address: 0x00000000fc000000, size: 64 MB, Compressed Oops mode: 32-bit

CDS archive(s) mapped at: [0x0000000800000000-0x0000000800ba0000-0x0000000800ba0000), size 12189696, SharedBaseAddress: 0x0000000800000000, ArchiveRelocationMode: 0.
Compressed class space mapped at: 0x0000000800c00000-0x0000000840c00000, reserved size: 1073741824
Narrow klass base: 0x0000000800000000, Narrow klass shift: 0, Narrow klass range: 0x100000000

GC Precious Log:
 CardTable entry size: 512
 Card Set container configuration: InlinePtr #cards 5 size 8 Array Of Cards #cards 12 size 40 Howl #buckets 4 coarsen threshold 1843 Howl Bitmap #cards 512 size 80 coarsen threshold 460 Card regions per heap region 1 cards per card region 2048
 CPUs: 4 total, 4 available
 Memory: 8067M
 Large Page Support: Disabled
 NUMA Support: Disabled
 Compressed Oops: Enabled (32-bit)
 Heap Region Size: 1M
 Heap Min Capacity: 64M
 Heap Initial Capacity: 64M
 Heap Max Capacity: 64M
 Pre-touch: Disabled
 Parallel Workers: 4
 Concurrent Workers: 1
 Concurrent Refinement Workers: 4
 Periodic GC: Disabled

Heap:
 garbage-first heap   total 65536K, used 22411K [0x00000000fc000000, 0x0000000100000000)
  region size 1024K, 15 young (15360K), 3 survivors (3072K)
 Metaspace       used 8126K, committed 8384K, reserved 1114112K
  class space    used 1066K, committed 1216K, reserved 1048576K

Heap Regions: E=young(eden), S=young(survivor), O=old, HS=humongous(starts), HC=humongous(continues), CS=collection set, F=free, OA=open archive, CA=closed archive, TAMS=top-at-mark-start (previous, next)
|   0|0x00000000fc000000, 0x00000000fc100000, 0x00000000fc100000|100%| O|  |TAMS 0x00000000fc000000, 0x00000000fc000000| Untracked 
|   1|0x00000000fc100000, 0x00000000fc200000, 0x00000000fc200000|100%| O|  |TAMS 0x00000000fc100000, 0x00000000fc100000| Untracked 
|   2|0x00000000fc200000, 0x00000000fc300000, 0x00000000fc300000|100%|HS|  |TAMS 0x00000000fc200000, 0x00000000fc200000| Complete 
|   3|0x00000000fc300000, 0x00000000fc400000, 0x00000000fc400000|100%|HC|  |TAMS 0x00000000fc300000, 0x00000000fc300000| Complete 
|   4|0x00000000fc400000, 0x00000000fc500000, 0x00000000fc500000|100%|HC|  |TAMS 0x00000000fc400000, 0x00000000fc400000| Complete 
|   5|0x00000000fc500000, 0x00000000fc600000, 0x00000000fc600000|100%|HC|  |TAMS 0x00000000fc500000, 0x00000000fc500000| Complete 
|   6|0x00000000fc600000, 0x00000000fc700000, 0x00000000fc700000|100%| O|  |TAMS 0x00000000fc600000, 0x00000000fc600000| Untracked 
|   7|0x00000000fc700000, 0x00000000fc7e2c00, 0x00000000fc800000| 88%| O|  |TAMS 0x00000000fc700000, 0x00000000fc700000| Untracked 
|   8|0x00000000fc800000, 0x00000000fc800000, 0x00000000fc900000|  0%| F|  |TAMS 0x00000000fc800000, 0x00000000fc800000| Untracked 
|   9|0x00000000fc900000, 0x00000000fc900000, 0x00000000fca00000|  0%| F|  |TAMS 0x00000000fc900000, 0x00000000fc900000| Untracked 
|  10|0x00000000fca00000, 0x00000000fca00000, 0x00000000fcb00000|  0%| F|  |TAMS 0x00000000fca00000, 0x00000000fca00000| Untracked 
|  11|0x00000000fcb00000, 0x00000000fcb00000, 0x00000000fcc00000|  0%| F|  |TAMS 0x00000000fcb00000, 0x00000000fcb00000| Untracked 
|  12|0x00000000fcc00000, 0x00000000fcc00000, 0x00000000fcd00000|  0%| F|  |TAMS 0x00000000fcc00000, 0x00000000fcc00000| Untracked 
|  13|0x00000000fcd00000, 0x00000000fcd00000, 0x00000000fce00000|  0%| F|  |TAMS 0x00000000fcd00000, 0x00000000fcd00000| Untracked 
|  14|0x00000000fce00000, 0x00000000fce00000, 0x00000000fcf00000|  0%| F|  |TAMS 0x00000000fce00000, 0x00000000fce00000| Untracked 
|  15|0x00000000fcf00000, 0x00000000fcf00000, 0x00000000fd000000|  0%| F|  |TAMS 0x00000000fcf00000, 0x00000000fcf00000| Untracked 
|  16|0x00000000fd000000, 0x00000000fd000000, 0x00000000fd100000|  0%| F|  |TAMS 0x00000000fd000000, 0x00000000fd000000| Untracked 
|  17|0x00000000fd100000, 0x00000000fd100000, 0x00000000fd200000|  0%| F|  |TAMS 0x00000000fd100000, 0x00000000fd100000| Untracked 
|  18|0x00000000fd200000, 0x00000000fd200000, 0x00000000fd300000|  0%| F|  |TAMS 0x00000000fd200000, 0x00000000fd200000| Untracked 
|  19|0x00000000fd300000, 0x00000000fd300000, 0x00000000fd400000|  0%| F|  |TAMS 0x00000000fd300000, 0x00000000fd300000| Untracked 
|  20|0x00000000fd400000, 0x00000000fd400000, 0x00000000fd500000|  0%| F|  |TAMS 0x00000000fd400000, 0x00000000fd400000| Untracked 
|  21|0x00000000fd500000, 0x00000000fd500000, 0x00000000fd600000|  0%| F|  |TAMS 0x00000000fd500000, 0x00000000fd500000| Untracked 
|  22|0x00000000fd600000, 0x00000000fd600000, 0x00000000fd700000|  0%| F|  |TAMS 0x00000000fd600000, 0x00000000fd600000| Untracked 
|  23|0x00000000fd700000, 0x00000000fd700000, 0x00000000fd800000|  0%| F|  |TAMS 0x00000000fd700000, 0x00000000fd700000| Untracked 
|  24|0x00000000fd800000, 0x00000000fd800000, 0x00000000fd900000|  0%| F|  |TAMS 0x00000000fd800000, 0x00000000fd800000| Untracked 
|  25|0x00000000fd900000, 0x00000000fd900000, 0x00000000fda00000|  0%| F|  |TAMS 0x00000000fd900000, 0x00000000fd900000| Untracked 
|  26|0x00000000fda00000, 0x00000000fda00000, 0x00000000fdb00000|  0%| F|  |TAMS 0x00000000fda00000, 0x00000000fda00000| Untracked 
|  27|0x00000000fdb00000, 0x00000000fdb00000, 0x00000000fdc00000|  0%| F|  |TAMS 0x00000000fdb00000, 0x00000000fdb00000| Untracked 
|  28|0x00000000fdc00000, 0x00000000fdc00000, 0x00000000fdd00000|  0%| F|  |TAMS 0x00000000fdc00000, 0x00000000fdc00000| Untracked 
|  29|0x00000000fdd00000, 0x00000000fdd00000, 0x00000000fde00000|  0%| F|  |TAMS 0x00000000fdd00000, 0x00000000fdd00000| Untracked 
|  30|0x00000000fde00000, 0x00000000fde00000, 0x00000000fdf00000|  0%| F|  |TAMS 0x00000000fde00000, 0x00000000fde00000| Untracked 
|  31|0x00000000fdf00000, 0x00000000fdf00000, 0x00000000fe000000|  0%| F|  |TAMS 0x00000000fdf00000, 0x00000000fdf00000| Untracked 
|  32|0x00000000fe000000, 0x00000000fe000000, 0x00000000fe100000|  0%| F|  |TAMS 0x00000000fe000000, 0x00000000fe000000| Untracked 
|  33|0x00000000fe100000, 0x00000000fe100000, 0x00000000fe200000|  0%| F|  |TAMS 0x00000000fe100000, 0x00000000fe100000| Untracked 
|  34|0x00000000fe200000, 0x00000000fe200000, 0x00000000fe300000|  0%| F|  |TAMS 0x00000000fe200000, 0x00000000fe200000| Untracked 
|  35|0x00000000fe300000, 0x00000000fe300000, 0x00000000fe400000|  0%| F|  |TAMS 0x00000000fe300000, 0x00000000fe300000| Untracked 
|  36|0x00000000fe400000, 0x00000000fe400000, 0x00000000fe500000|  0%| F|  |TAMS 0x00000000fe400000, 0x00000000fe400000| Untracked 
|  37|0x00000000fe500000, 0x00000000fe500000, 0x00000000fe600000|  0%| F|  |TAMS 0x00000000fe500000, 0x00000000fe500000| Untracked 
|  38|0x00000000fe600000, 0x00000000fe600000, 0x00000000fe700000|  0%| F|  |TAMS 0x00000000fe600000, 0x00000000fe600000| Untracked 
|  39|0x00000000fe700000, 0x00000000fe700000, 0x00000000fe800000|  0%| F|  |TAMS 0x00000000fe700000, 0x00000000fe700000| Untracked 
|  40|0x00000000fe800000, 0x00000000fe800000, 0x00000000fe900000|  0%| F|  |TAMS 0x00000000fe800000, 0x00000000fe800000| Untracked 
|  41|0x00000000fe900000, 0x00000000fe900000, 0x00000000fea00000|  0%| F|  |TAMS 0x00000000fe900000, 0x00000000fe900000| Untracked 
|  42|0x00000000fea00000, 0x00000000fea00000, 0x00000000feb00000|  0%| F|  |TAMS 0x00000000fea00000, 0x00000000fea00000| Untracked 
|  43|0x00000000feb00000, 0x00000000feb00000, 0x00000000fec00000|  0%| F|  |TAMS 0x00000000feb00000, 0x00000000feb00000| Untracked 
|  44|0x00000000fec00000, 0x00000000fed00000, 0x00000000fed00000|100%| S|CS|TAMS 0x00000000fec00000, 0x00000000fec00000| Complete 
|  45|0x00000000fed00000, 0x00000000fee00000, 0x00000000fee00000|100%| S|CS|TAMS 0x00000000fed00000, 0x00000000fed00000| Complete 
|  46|0x00000000fee00000, 0x00000000fef00000, 0x00000000fef00000|100%| S|CS|TAMS 0x00000000fee00000, 0x00000000fee00000| Complete 
|  47|0x00000000fef00000, 0x00000000fef00000, 0x00000000ff000000|  0%| F|  |TAMS 0x00000000fef00000, 0x00000000fef00000| Untracked 
|  48|0x00000000ff000000, 0x00000000ff000000, 0x00000000ff100000|  0%| F|  |TAMS 0x00000000ff000000, 0x00000000ff000000| Untracked 
|  49|0x00000000ff100000, 0x00000000ff100000, 0x00000000ff200000|  0%| F|  |TAMS 0x00000000ff100000, 0x00000000ff100000| Untracked 
|  50|0x00000000ff200000, 0x00000000ff200000, 0x00000000ff300000|  0%| F|  |TAMS 0x00000000ff200000, 0x00000000ff200000| Untracked 
|  51|0x00000000ff300000, 0x00000000ff300000, 0x00000000ff400000|  0%| F|  |TAMS 0x00000000ff300000, 0x00000000ff300000| Untracked 
|  52|0x00000000ff400000, 0x00000000ff4126d0, 0x00000000ff500000|  7%| E|  |TAMS 0x00000000ff400000, 0x00000000ff400000| Complete 
|  53|0x00000000ff500000, 0x00000000ff600000, 0x00000000ff600000|100%| E|CS|TAMS 0x00000000ff500000, 0x00000000ff500000| Complete 
|  54|0x00000000ff600000, 0x00000000ff700000, 0x00000000ff700000|100%| E|CS|TAMS 0x00000000ff600000, 0x00000000ff600000| Complete 
|  55|0x00000000ff700000, 0x00000000ff800000, 0x00000000ff800000|100%| E|CS|TAMS 0x00000000ff700000, 0x00000000ff700000| Complete 
|  56|0x00000000ff800000, 0x00000000ff900000, 0x00000000ff900000|100%| E|CS|TAMS 0x00000000ff800000, 0x00000000ff800000| Complete 
|  57|0x00000000ff900000, 0x00000000ffa00000, 0x00000000ffa00000|100%| E|CS|TAMS 0x00000000ff900000, 0x00000000ff900000| Complete 
|  58|0x00000000ffa00000, 0x00000000ffb00000, 0x00000000ffb00000|100%| E|CS|TAMS 0x00000000ffa00000, 0x00000000ffa00000| Complete 
|  59|0x00000000ffb00000, 0x00000000ffc00000, 0x00000000ffc00000|100%| E|CS|TAMS 0x00000000ffb00000, 0x00000000ffb00000| Complete 
|  60|0x00000000ffc00000, 0x00000000ffd00000, 0x00000000ffd00000|100%| E|CS|TAMS 0x00000000ffc00000, 0x00000000ffc00000| Complete 
|  61|0x00000000ffd00000, 0x00000000ffe00000, 0x00000000ffe00000|100%| E|CS|TAMS 0x00000000ffd00000, 0x00000000ffd00000| Complete 
|  62|0x00000000ffe00000, 0x00000000fff00000, 0x00000000fff00000|100%| E|CS|TAMS 0x00000000ffe00000, 0x00000000ffe00000| Complete 
|  63|0x00000000fff00000, 0x0000000100000000, 0x0000000100000000|100%| E|CS|TAMS 0x00000000fff00000, 0x00000000fff00000| Complete 

Card table byte_map: [0x000001cb9fd90000,0x000001cb9fdb0000] _byte_map_base: 0x000001cb9f5b0000

Marking Bits (Prev, Next): (CMBitMap*) 0x000001cba1dcb740, (CMBitMap*) 0x000001cba1dcb780
 Prev Bits: [0x000001cba1bb0000, 0x000001cba1cb0000)
 Next Bits: [0x000001cbb86d0000, 0x000001cbb87d0000)

Polling page: 0x000001cb9fd40000

Metaspace:

Usage:
  Non-class:      6.89 MB used.
      Class:      1.04 MB used.
       Both:      7.94 MB used.

Virtual space:
  Non-class space:       64.00 MB reserved,       7.00 MB ( 11%) committed,  1 nodes.
      Class space:        1.00 GB reserved,       1.19 MB ( <1%) committed,  1 nodes.
             Both:        1.06 GB reserved,       8.19 MB ( <1%) committed. 

Chunk freelists:
   Non-Class:  272.00 KB
       Class:  2.66 MB
        Both:  2.93 MB

MaxMetaspaceSize: unlimited
CompressedClassSpaceSize: 1.00 GB
Initial GC threshold: 21.00 MB
Current GC threshold: 21.00 MB
CDS: on
MetaspaceReclaimPolicy: balanced
 - commit_granule_bytes: 65536.
 - commit_granule_words: 8192.
 - virtual_space_node_default_size: 8388608.
 - enlarge_chunks_in_place: 1.
 - new_chunks_are_fully_committed: 0.
 - uncommit_free_chunks: 1.
 - use_allocation_guard: 0.


Internal statistics:

num_allocs_failed_limit: 0.
num_arena_births: 202.
num_arena_deaths: 0.
num_vsnodes_births: 2.
num_vsnodes_deaths: 0.
num_space_committed: 131.
num_space_uncommitted: 0.
num_chunks_returned_to_freelist: 0.
num_chunks_taken_from_freelist: 430.
num_chunk_merges: 0.
num_chunk_splits: 277.
num_chunks_enlarged: 209.
num_inconsistent_stats: 0.

CodeHeap 'non-profiled nmethods': size=120000Kb used=492Kb max_used=492Kb free=119507Kb
 bounds [0x000001cbb11a0000, 0x000001cbb1410000, 0x000001cbb86d0000]
CodeHeap 'profiled nmethods': size=120000Kb used=2817Kb max_used=2817Kb free=117183Kb
 bounds [0x000001cba9c70000, 0x000001cba9f40000, 0x000001cbb11a0000]
CodeHeap 'non-nmethods': size=5760Kb used=1180Kb max_used=1198Kb free=4579Kb
 bounds [0x000001cba96d0000, 0x000001cba9940000, 0x000001cba9c70000]
 total_blobs=1904 nmethods=1437 adapters=380
 compilation: enabled
              stopped_count=0, restarted_count=0
 full_count=0

Compilation events (20 events):
Event: 115.340 Thread 0x000001cbbacf8100 1428   !   3       java.util.concurrent.locks.AbstractQueuedSynchronizer::acquire (407 bytes)
Event: 115.346 Thread 0x000001cbbacf8100 nmethod 1428 0x000001cba9f29410 code [0x000001cba9f297a0, 0x000001cba9f2b1b8]
Event: 121.185 Thread 0x000001cbbacf8100 1430       3       jdk.internal.misc.Unsafe::getAndBitwiseAndInt (27 bytes)
Event: 121.185 Thread 0x000001cbbacf8100 nmethod 1430 0x000001cba9f2ba90 code [0x000001cba9f2bc40, 0x000001cba9f2be88]
Event: 121.190 Thread 0x000001cbbacf8100 1431       3       java.util.concurrent.locks.AbstractQueuedSynchronizer$ConditionNode::<init> (5 bytes)
Event: 121.190 Thread 0x000001cbbacf8100 nmethod 1431 0x000001cba9f2bf90 code [0x000001cba9f2c140, 0x000001cba9f2c2f8]
Event: 121.193 Thread 0x000001cbbacf8100 1432       3       java.util.concurrent.locks.AbstractQueuedSynchronizer$ConditionObject::enableWait (84 bytes)
Event: 121.193 Thread 0x000001cbbacf8100 nmethod 1432 0x000001cba9f2c410 code [0x000001cba9f2c620, 0x000001cba9f2cd68]
Event: 121.193 Thread 0x000001cbbacf8100 1433       3       java.util.concurrent.locks.AbstractQueuedSynchronizer$Node::setStatusRelaxed (12 bytes)
Event: 121.194 Thread 0x000001cbbacf8100 nmethod 1433 0x000001cba9f2d010 code [0x000001cba9f2d1a0, 0x000001cba9f2d2b8]
Event: 121.940 Thread 0x000001cbbacf8100 1434       3       jdk.internal.misc.Unsafe::putIntOpaque (9 bytes)
Event: 121.940 Thread 0x000001cbbacf8100 nmethod 1434 0x000001cba9f2d390 code [0x000001cba9f2d520, 0x000001cba9f2d638]
Event: 121.940 Thread 0x000001cbbacf8100 1436       3       java.util.concurrent.locks.ReentrantLock$NonfairSync::tryAcquire (27 bytes)
Event: 121.940 Thread 0x000001cbbacf8100 nmethod 1436 0x000001cba9f2d710 code [0x000001cba9f2d8c0, 0x000001cba9f2db48]
Event: 122.587 Thread 0x000001cbbacf8100 1437       3       java.util.concurrent.locks.AbstractQueuedSynchronizer$ConditionObject::unlinkCancelledWaiters (91 bytes)
Event: 122.588 Thread 0x000001cbbacf8100 nmethod 1437 0x000001cba9f2dc10 code [0x000001cba9f2dde0, 0x000001cba9f2e298]
Event: 125.526 Thread 0x000001cbbacf8100 1438       3       java.util.concurrent.locks.AbstractQueuedSynchronizer$ConditionObject::awaitNanos (200 bytes)
Event: 125.528 Thread 0x000001cbbacf8100 nmethod 1438 0x000001cba9f2e410 code [0x000001cba9f2e700, 0x000001cba9f2f788]
Event: 130.966 Thread 0x000001cbbacf8100 1439       3       java.util.concurrent.locks.AbstractQueuedSynchronizer$Node::getAndUnsetStatus (14 bytes)
Event: 130.967 Thread 0x000001cbbacf8100 nmethod 1439 0x000001cba9f2fe10 code [0x000001cba9f2ffc0, 0x000001cba9f302c8]

GC Heap History (4 events):
Event: 23.997 GC heap before
{Heap before GC invocations=0 (full 0):
 garbage-first heap   total 65536K, used 12288K [0x00000000fc000000, 0x0000000100000000)
  region size 1024K, 13 young (13312K), 0 survivors (0K)
 Metaspace       used 1825K, committed 1984K, reserved 1114112K
  class space    used 161K, committed 256K, reserved 1048576K
}
Event: 24.642 GC heap after
{Heap after GC invocations=1 (full 0):
 garbage-first heap   total 65536K, used 3312K [0x00000000fc000000, 0x0000000100000000)
  region size 1024K, 2 young (2048K), 2 survivors (2048K)
 Metaspace       used 1825K, committed 1984K, reserved 1114112K
  class space    used 161K, committed 256K, reserved 1048576K
}
Event: 43.339 GC heap before
{Heap before GC invocations=1 (full 0):
 garbage-first heap   total 65536K, used 21744K [0x00000000fc000000, 0x0000000100000000)
  region size 1024K, 17 young (17408K), 2 survivors (2048K)
 Metaspace       used 5714K, committed 6016K, reserved 1114112K
  class space    used 770K, committed 896K, reserved 1048576K
}
Event: 43.347 GC heap after
{Heap after GC invocations=2 (full 0):
 garbage-first heap   total 65536K, used 11147K [0x00000000fc000000, 0x0000000100000000)
  region size 1024K, 3 young (3072K), 3 survivors (3072K)
 Metaspace       used 5714K, committed 6016K, reserved 1114112K
  class space    used 770K, committed 896K, reserved 1048576K
}

Deoptimization events (20 events):
Event: 55.529 Thread 0x000001cbbf9a0a50 Uncommon trap: trap_request=0xffffff45 fr.pc=0x000001cbb11db218 relative=0x0000000000000478
Event: 55.529 Thread 0x000001cbbf9a0a50 Uncommon trap: reason=unstable_if action=reinterpret pc=0x000001cbb11db218 method=java.lang.AbstractStringBuilder.inflateIfNeededFor(Ljava/lang/String;)V @ 14 c2
Event: 55.529 Thread 0x000001cbbf9a0a50 DEOPT PACKING pc=0x000001cbb11db218 sp=0x00000047f38fecd0
Event: 55.529 Thread 0x000001cbbf9a0a50 DEOPT UNPACKING pc=0x000001cba97223a3 sp=0x00000047f38feb70 mode 2
Event: 55.529 Thread 0x000001cbbf9a0a50 Uncommon trap: trap_request=0xffffff45 fr.pc=0x000001cbb11d5690 relative=0x0000000000000470
Event: 55.529 Thread 0x000001cbbf9a0a50 Uncommon trap: reason=unstable_if action=reinterpret pc=0x000001cbb11d5690 method=java.lang.AbstractStringBuilder.inflateIfNeededFor(Ljava/lang/String;)V @ 14 c2
Event: 55.529 Thread 0x000001cbbf9a0a50 DEOPT PACKING pc=0x000001cbb11d5690 sp=0x00000047f38fec60
Event: 55.529 Thread 0x000001cbbf9a0a50 DEOPT UNPACKING pc=0x000001cba97223a3 sp=0x00000047f38feb68 mode 2
Event: 55.529 Thread 0x000001cbbf9a0a50 Uncommon trap: trap_request=0xffffff45 fr.pc=0x000001cbb11d925c relative=0x000000000000005c
Event: 55.529 Thread 0x000001cbbf9a0a50 Uncommon trap: reason=unstable_if action=reinterpret pc=0x000001cbb11d925c method=java.lang.AbstractStringBuilder.isLatin1()Z @ 10 c2
Event: 55.529 Thread 0x000001cbbf9a0a50 DEOPT PACKING pc=0x000001cbb11d925c sp=0x00000047f38feb10
Event: 55.529 Thread 0x000001cbbf9a0a50 DEOPT UNPACKING pc=0x000001cba97223a3 sp=0x00000047f38feaa0 mode 2
Event: 55.529 Thread 0x000001cbbf9a0a50 Uncommon trap: trap_request=0xffffff45 fr.pc=0x000001cbb11d3ee8 relative=0x00000000000000e8
Event: 55.529 Thread 0x000001cbbf9a0a50 Uncommon trap: reason=unstable_if action=reinterpret pc=0x000001cbb11d3ee8 method=java.lang.String.getBytes([BIB)V @ 5 c2
Event: 55.529 Thread 0x000001cbbf9a0a50 DEOPT PACKING pc=0x000001cbb11d3ee8 sp=0x00000047f38feb80
Event: 55.529 Thread 0x000001cbbf9a0a50 DEOPT UNPACKING pc=0x000001cba97223a3 sp=0x00000047f38feb48 mode 2
Event: 55.529 Thread 0x000001cbbf9a0a50 Uncommon trap: trap_request=0xffffff45 fr.pc=0x000001cbb11f98a0 relative=0x0000000000000400
Event: 55.529 Thread 0x000001cbbf9a0a50 Uncommon trap: reason=unstable_if action=reinterpret pc=0x000001cbb11f98a0 method=java.lang.AbstractStringBuilder.isLatin1()Z @ 10 c2
Event: 55.529 Thread 0x000001cbbf9a0a50 DEOPT PACKING pc=0x000001cbb11f98a0 sp=0x00000047f38fece0
Event: 55.529 Thread 0x000001cbbf9a0a50 DEOPT UNPACKING pc=0x000001cba97223a3 sp=0x00000047f38fec60 mode 2

Classes loaded (20 events):
Event: 54.812 Loading class java/util/Scanner$PatternLRUCache
Event: 54.813 Loading class java/util/Scanner$PatternLRUCache done
Event: 54.838 Loading class jdk/internal/module/ModulePatcher$PatchedModuleReader
Event: 54.838 Loading class jdk/internal/module/ModulePatcher$PatchedModuleReader done
Event: 54.838 Loading class sun/net/www/protocol/jrt/Handler
Event: 54.838 Loading class sun/net/www/protocol/jrt/Handler done
Event: 54.849 Loading class sun/util/resources/LocaleData$CommonResourceBundleProvider
Event: 54.849 Loading class sun/util/resources/LocaleData$LocaleDataResourceBundleProvider
Event: 54.850 Loading class java/util/spi/ResourceBundleProvider
Event: 54.850 Loading class java/util/spi/ResourceBundleProvider done
Event: 54.850 Loading class sun/util/resources/LocaleData$LocaleDataResourceBundleProvider done
Event: 54.850 Loading class sun/util/resources/LocaleData$CommonResourceBundleProvider done
Event: 54.851 Loading class sun/text/resources/cldr/FormatData_en
Event: 54.851 Loading class sun/text/resources/cldr/FormatData_en done
Event: 54.851 Loading class sun/util/resources/Bundles$2
Event: 54.851 Loading class sun/util/resources/Bundles$2 done
Event: 54.852 Loading class java/lang/InstantiationException
Event: 54.852 Loading class java/lang/InstantiationException done
Event: 55.529 Loading class java/io/PrintWriter
Event: 55.530 Loading class java/io/PrintWriter done

Classes unloaded (0 events):
No events

Classes redefined (0 events):
No events

Internal exceptions (20 events):
Event: 40.093 Thread 0x000001cba1da6490 Exception <a 'java/lang/NoSuchMethodError'{0x00000000ff8e6cd8}: 'java.lang.Object java.lang.invoke.DirectMethodHandle$Holder.invokeVirtual(java.lang.Object, java.lang.Object, java.lang.Object, java.lang.Object, java.lang.Object, java.lang.Object, java.lang.Object)'> (0x00000000ff8e6cd8) 
thrown [t:\workspace\open\src\hotspot\share\interpreter\linkResolver.cpp, line 766]
Event: 40.097 Thread 0x000001cba1da6490 Exception <a 'java/lang/NoSuchMethodError'{0x00000000ff8fb0f8}: 'java.lang.Object java.lang.invoke.DirectMethodHandle$Holder.invokeStatic(java.lang.Object, java.lang.Object, int)'> (0x00000000ff8fb0f8) 
thrown [t:\workspace\open\src\hotspot\share\interpreter\linkResolver.cpp, line 766]
Event: 40.099 Thread 0x000001cba1da6490 Exception <a 'java/lang/NoSuchMethodError'{0x00000000ff707298}: 'void java.lang.invoke.DelegatingMethodHandle$Holder.delegate(java.lang.Object, java.lang.Object, int, java.lang.Object)'> (0x00000000ff707298) 
thrown [t:\workspace\open\src\hotspot\share\interpreter\linkResolver.cpp, line 766]
Event: 40.100 Thread 0x000001cba1da6490 Exception <a 'java/lang/NoSuchMethodError'{0x00000000ff70b3e8}: 'int java.lang.invoke.DirectMethodHandle$Holder.invokeSpecial(java.lang.Object, java.lang.Object, java.lang.Object)'> (0x00000000ff70b3e8) 
thrown [t:\workspace\open\src\hotspot\share\interpreter\linkResolver.cpp, line 766]
Event: 40.965 Thread 0x000001cba1da6490 Exception <a 'java/lang/NoSuchMethodError'{0x00000000ff7ab440}: 'java.lang.Object java.lang.invoke.DirectMethodHandle$Holder.invokeVirtual(java.lang.Object, java.lang.Object, java.lang.Object)'> (0x00000000ff7ab440) 
thrown [t:\workspace\open\src\hotspot\share\interpreter\linkResolver.cpp, line 766]
Event: 41.995 Thread 0x000001cba1da6490 Exception <a 'java/lang/NoSuchMethodError'{0x00000000ff5f8850}: 'java.lang.Object java.lang.invoke.DirectMethodHandle$Holder.invokeVirtual(java.lang.Object, java.lang.Object, java.lang.Object, java.lang.Object)'> (0x00000000ff5f8850) 
thrown [t:\workspace\open\src\hotspot\share\interpreter\linkResolver.cpp, line 766]
Event: 42.201 Thread 0x000001cba1da6490 Exception <a 'java/lang/NoSuchMethodError'{0x00000000ff477710}: 'java.lang.Object java.lang.invoke.DirectMethodHandle$Holder.invokeVirtual(java.lang.Object, java.lang.Object, java.lang.Object, java.lang.Object, java.lang.Object, java.lang.Object)'> (0x00000000ff477710) 
thrown [t:\workspace\open\src\hotspot\share\interpreter\linkResolver.cpp, line 766]
Event: 42.835 Thread 0x000001cba1da6490 Exception <a 'java/lang/NoSuchMethodError'{0x00000000ff0cbe58}: 'java.lang.Object java.lang.invoke.DirectMethodHandle$Holder.invokeStaticInit(java.lang.Object)'> (0x00000000ff0cbe58) 
thrown [t:\workspace\open\src\hotspot\share\interpreter\linkResolver.cpp, line 766]
Event: 43.357 Thread 0x000001cba1da6490 Exception <a 'java/lang/NoSuchMethodError'{0x00000000fff26d80}: 'java.lang.Object java.lang.invoke.DirectMethodHandle$Holder.invokeVirtual(java.lang.Object, java.lang.Object, java.lang.Object, java.lang.Object, java.lang.Object)'> (0x00000000fff26d80) 
thrown [t:\workspace\open\src\hotspot\share\interpreter\linkResolver.cpp, line 766]
Event: 43.553 Thread 0x000001cba1da6490 Exception <a 'java/lang/NoSuchMethodError'{0x00000000fff3b2f0}: 'java.lang.Object java.lang.invoke.Invokers$Holder.invokeExact_MT(java.lang.Object, java.lang.Object, java.lang.Object, java.lang.Object, java.lang.Object, java.lang.Object)'> (0x00000000fff3b2f0) 
thrown [t:\workspace\open\src\hotspot\share\interpreter\linkResolver.cpp, line 766]
Event: 43.786 Thread 0x000001cba1da6490 Exception <a 'java/lang/NoSuchMethodError'{0x00000000ffeea098}: 'java.lang.Object java.lang.invoke.DirectMethodHandle$Holder.invokeVirtual(java.lang.Object, java.lang.Object, java.lang.Object, java.lang.Object, java.lang.Object, java.lang.Object, java.lang.Object, java.lang.Object)'> (0x00000000ffeea098) 
thrown [t:\workspace\open\src\hotspot\share\interpreter\linkResolver.cpp, line 766]
Event: 43.787 Thread 0x000001cba1da6490 Exception <a 'java/lang/NoSuchMethodError'{0x00000000ffeef588}: 'java.lang.Object java.lang.invoke.DirectMethodHandle$Holder.invokeSpecial(java.lang.Object, java.lang.Object, java.lang.Object, java.lang.Object, java.lang.Object, java.lang.Object, java.lang.Object, java.lang.Object, java.lang.Object)'> (0x00000000ffeef588) 
thrown [t:\workspace\open\src\hotspot\share\interpreter\linkResolver.cpp, line 766]
Event: 44.040 Thread 0x000001cba1da6490 Exception <a 'java/lang/NoSuchMethodError'{0x00000000ffc22e88}: 'java.lang.Object java.lang.invoke.DirectMethodHandle$Holder.invokeStaticInit(java.lang.Object, int, int, int, int)'> (0x00000000ffc22e88) 
thrown [t:\workspace\open\src\hotspot\share\interpreter\linkResolver.cpp, line 766]
Event: 45.173 Thread 0x000001cba1da6490 Exception <a 'java/lang/NoSuchMethodError'{0x00000000ffce5330}: 'java.lang.Object java.lang.invoke.DirectMethodHandle$Holder.invokeStaticInit(java.lang.Object, java.lang.Object, int, int, int, int)'> (0x00000000ffce5330) 
thrown [t:\workspace\open\src\hotspot\share\interpreter\linkResolver.cpp, line 766]
Event: 49.636 Thread 0x000001cba1da6490 Exception <a 'java/lang/NoSuchMethodError'{0x00000000ffbfc080}: 'void java.lang.invoke.DirectMethodHandle$Holder.invokeInterface(java.lang.Object, java.lang.Object, java.lang.Object)'> (0x00000000ffbfc080) 
thrown [t:\workspace\open\src\hotspot\share\interpreter\linkResolver.cpp, line 766]
Event: 54.563 Thread 0x000001cbbf9a0a50 Exception <a 'java/lang/NoSuchMethodError'{0x00000000ff6ec230}: 'void java.lang.invoke.DirectMethodHandle$Holder.invokeStatic(java.lang.Object, long)'> (0x00000000ff6ec230) 
thrown [t:\workspace\open\src\hotspot\share\interpreter\linkResolver.cpp, line 766]
Event: 54.566 Thread 0x000001cbbf9a0a50 Exception <a 'java/lang/NoSuchMethodError'{0x00000000ff6f18e0}: 'java.lang.Object java.lang.invoke.DirectMethodHandle$Holder.newInvokeSpecial(java.lang.Object, long)'> (0x00000000ff6f18e0) 
thrown [t:\workspace\open\src\hotspot\share\interpreter\linkResolver.cpp, line 766]
Event: 54.568 Thread 0x000001cbbf9a0a50 Exception <a 'java/lang/NoSuchMethodError'{0x00000000ff6fc5d0}: 'java.lang.Object java.lang.invoke.DirectMethodHandle$Holder.invokeStaticInit(java.lang.Object, java.lang.Object, long, java.lang.Object)'> (0x00000000ff6fc5d0) 
thrown [t:\workspace\open\src\hotspot\share\interpreter\linkResolver.cpp, line 766]
Event: 54.793 Thread 0x000001cbbf9a0a50 Exception <a 'java/lang/NoSuchMethodError'{0x00000000ff5032a8}: 'java.lang.Object java.lang.invoke.DirectMethodHandle$Holder.newInvokeSpecial(java.lang.Object, java.lang.Object, long)'> (0x00000000ff5032a8) 
thrown [t:\workspace\open\src\hotspot\share\interpreter\linkResolver.cpp, line 766]
Event: 54.795 Thread 0x000001cbbf9a0a50 Exception <a 'java/lang/NoSuchMethodError'{0x00000000ff5075a8}: 'java.lang.Object java.lang.invoke.Invokers$Holder.linkToTargetMethod(java.lang.Object, long, java.lang.Object)'> (0x00000000ff5075a8) 
thrown [t:\workspace\open\src\hotspot\share\interpreter\linkResolver.cpp, line 766]

VM Operations (20 events):
Event: 51.180 Executing VM operation: Cleanup
Event: 51.180 Executing VM operation: Cleanup done
Event: 52.196 Executing VM operation: Cleanup
Event: 52.212 Executing VM operation: Cleanup done
Event: 53.226 Executing VM operation: Cleanup
Event: 53.227 Executing VM operation: Cleanup done
Event: 54.859 Executing VM operation: HandshakeAllThreads
Event: 55.525 Executing VM operation: HandshakeAllThreads done
Event: 55.525 Executing VM operation: Cleanup
Event: 55.526 Executing VM operation: Cleanup done
Event: 56.530 Executing VM operation: Cleanup
Event: 56.530 Executing VM operation: Cleanup done
Event: 67.623 Executing VM operation: Cleanup
Event: 67.623 Executing VM operation: Cleanup done
Event: 116.998 Executing VM operation: Cleanup
Event: 116.998 Executing VM operation: Cleanup done
Event: 123.039 Executing VM operation: Cleanup
Event: 123.039 Executing VM operation: Cleanup done
Event: 141.129 Executing VM operation: Cleanup
Event: 141.129 Executing VM operation: Cleanup done

Events (20 events):
Event: 1.198 Thread 0x000001cbbacf6a50 Thread added: 0x000001cbbacf6a50
Event: 1.198 Thread 0x000001cbbacf7720 Thread added: 0x000001cbbacf7720
Event: 1.311 Thread 0x000001cbbacf8100 Thread added: 0x000001cbbacf8100
Event: 1.401 Thread 0x000001cbbad7a0f0 Thread added: 0x000001cbbad7a0f0
Event: 1.512 Thread 0x000001cbbf027850 Thread added: 0x000001cbbf027850
Event: 1.516 Thread 0x000001cbbf029f90 Thread added: 0x000001cbbf029f90
Event: 1.697 Loaded shared library C:\Program Files\Java\jdk-18\bin\net.dll
Event: 1.898 Loaded shared library C:\Program Files\Java\jdk-18\bin\nio.dll
Event: 1.903 Loaded shared library C:\Program Files\Java\jdk-18\bin\zip.dll
Event: 12.087 Loaded shared library C:\Program Files\Java\jdk-18\bin\jimage.dll
Event: 24.700 Loaded shared library C:\Program Files\Java\jdk-18\bin\verify.dll
Event: 40.947 Loaded shared library C:\Users\admin\.gradle\native\68d5fa5c4cc2d200863cafc0d521ce42e7d3e7ee720ec0a83991735586a16f82\windows-amd64\native-platform.dll
Event: 41.213 Thread 0x000001cbbf51fba0 Thread added: 0x000001cbbf51fba0
Event: 43.029 Loaded shared library C:\Program Files\Java\jdk-18\bin\management.dll
Event: 43.032 Loaded shared library C:\Program Files\Java\jdk-18\bin\management_ext.dll
Event: 52.433 Thread 0x000001cbbf9a0a50 Thread added: 0x000001cbbf9a0a50
Event: 54.800 Thread 0x000001cbbf89d890 Thread added: 0x000001cbbf89d890
Event: 54.802 Thread 0x000001cbbf89dd50 Thread added: 0x000001cbbf89dd50
Event: 55.524 Thread 0x000001cbbf89d890 Thread exited: 0x000001cbbf89d890
Event: 116.177 Thread 0x000001cbbf89dd50 Thread exited: 0x000001cbbf89dd50


Dynamic libraries:
0x00007ff7cf6a0000 - 0x00007ff7cf6b0000 	C:\Program Files\Java\jdk-18\bin\java.exe
0x00007ffe47510000 - 0x00007ffe47707000 	C:\Windows\SYSTEM32\ntdll.dll
0x00007ffe471b0000 - 0x00007ffe4726d000 	C:\Windows\System32\KERNEL32.DLL
0x00007ffe44ea0000 - 0x00007ffe45196000 	C:\Windows\System32\KERNELBASE.dll
0x00007ffe45210000 - 0x00007ffe45310000 	C:\Windows\System32\ucrtbase.dll
0x00007ffe2c8f0000 - 0x00007ffe2c908000 	C:\Program Files\Java\jdk-18\bin\jli.dll
0x00007ffe47280000 - 0x00007ffe4732e000 	C:\Windows\System32\ADVAPI32.dll
0x00007ffe456b0000 - 0x00007ffe4574e000 	C:\Windows\System32\msvcrt.dll
0x00007ffe45e90000 - 0x00007ffe45f2c000 	C:\Windows\System32\sechost.dll
0x00007ffe45d60000 - 0x00007ffe45e86000 	C:\Windows\System32\RPCRT4.dll
0x00007ffe46060000 - 0x00007ffe461fe000 	C:\Windows\System32\USER32.dll
0x00007ffe45310000 - 0x00007ffe45332000 	C:\Windows\System32\win32u.dll
0x00007ffe46200000 - 0x00007ffe4622c000 	C:\Windows\System32\GDI32.dll
0x00007ffe44d80000 - 0x00007ffe44e9a000 	C:\Windows\System32\gdi32full.dll
0x00007ffe454d0000 - 0x00007ffe4556d000 	C:\Windows\System32\msvcp_win.dll
0x00007ffe0f4d0000 - 0x00007ffe0f4ea000 	C:\Program Files\Java\jdk-18\bin\VCRUNTIME140.dll
0x00007ffe31dd0000 - 0x00007ffe3206a000 	C:\Windows\WinSxS\amd64_microsoft.windows.common-controls_6595b64144ccf1df_6.0.19041.3570_none_60bb2a3971f3e41a\COMCTL32.dll
0x00007ffe379d0000 - 0x00007ffe379da000 	C:\Windows\SYSTEM32\VERSION.dll
0x00007ffe46990000 - 0x00007ffe469c0000 	C:\Windows\System32\IMM32.DLL
0x00007ffe3df20000 - 0x00007ffe3df2c000 	C:\Program Files\Java\jdk-18\bin\vcruntime140_1.dll
0x00007ffe081f0000 - 0x00007ffe0827d000 	C:\Program Files\Java\jdk-18\bin\msvcp140.dll
0x00007ffdb6660000 - 0x00007ffdb7271000 	C:\Program Files\Java\jdk-18\bin\server\jvm.dll
0x00007ffe45d50000 - 0x00007ffe45d58000 	C:\Windows\System32\PSAPI.DLL
0x00007ffe1cea0000 - 0x00007ffe1cea9000 	C:\Windows\SYSTEM32\WSOCK32.dll
0x00007ffe47140000 - 0x00007ffe471ab000 	C:\Windows\System32\WS2_32.dll
0x00007ffe2e4f0000 - 0x00007ffe2e517000 	C:\Windows\SYSTEM32\WINMM.dll
0x00007ffe42a50000 - 0x00007ffe42a62000 	C:\Windows\SYSTEM32\kernel.appcore.dll
0x00007ffe3cfc0000 - 0x00007ffe3cfca000 	C:\Program Files\Java\jdk-18\bin\jimage.dll
0x00007ffe2e200000 - 0x00007ffe2e3e4000 	C:\Windows\SYSTEM32\DBGHELP.DLL
0x00007ffe274c0000 - 0x00007ffe274f4000 	C:\Windows\SYSTEM32\dbgcore.DLL
0x00007ffe44bf0000 - 0x00007ffe44c72000 	C:\Windows\System32\bcryptPrimitives.dll
0x00007ffe08cc0000 - 0x00007ffe08ce5000 	C:\Program Files\Java\jdk-18\bin\java.dll
0x00007ffe07bc0000 - 0x00007ffe07c96000 	C:\Program Files\Java\jdk-18\bin\jsvml.dll
0x00007ffe46240000 - 0x00007ffe46984000 	C:\Windows\System32\SHELL32.dll
0x00007ffe42c50000 - 0x00007ffe433eb000 	C:\Windows\SYSTEM32\windows.storage.dll
0x00007ffe46c50000 - 0x00007ffe46fa4000 	C:\Windows\System32\combase.dll
0x00007ffe44480000 - 0x00007ffe444ad000 	C:\Windows\SYSTEM32\Wldp.dll
0x00007ffe45570000 - 0x00007ffe4561d000 	C:\Windows\System32\SHCORE.dll
0x00007ffe45cf0000 - 0x00007ffe45d45000 	C:\Windows\System32\shlwapi.dll
0x00007ffe44b20000 - 0x00007ffe44b45000 	C:\Windows\SYSTEM32\profapi.dll
0x00007ffe07ae0000 - 0x00007ffe07af3000 	C:\Program Files\Java\jdk-18\bin\net.dll
0x00007ffe38880000 - 0x00007ffe3898a000 	C:\Windows\SYSTEM32\WINHTTP.dll
0x00007ffe44260000 - 0x00007ffe442ca000 	C:\Windows\system32\mswsock.dll
0x00007ffe07ac0000 - 0x00007ffe07ad6000 	C:\Program Files\Java\jdk-18\bin\nio.dll
0x00007ffe081d0000 - 0x00007ffe081e8000 	C:\Program Files\Java\jdk-18\bin\zip.dll
0x00007ffe2c8e0000 - 0x00007ffe2c8f0000 	C:\Program Files\Java\jdk-18\bin\verify.dll
0x00007ffe07b90000 - 0x00007ffe07bb7000 	C:\Users\admin\.gradle\native\68d5fa5c4cc2d200863cafc0d521ce42e7d3e7ee720ec0a83991735586a16f82\windows-amd64\native-platform.dll
0x00007ffe0f790000 - 0x00007ffe0f799000 	C:\Program Files\Java\jdk-18\bin\management.dll
0x00007ffe0f750000 - 0x00007ffe0f75b000 	C:\Program Files\Java\jdk-18\bin\management_ext.dll
0x00007ffe444c0000 - 0x00007ffe444d8000 	C:\Windows\SYSTEM32\CRYPTSP.dll
0x00007ffe43b90000 - 0x00007ffe43bc4000 	C:\Windows\system32\rsaenh.dll
0x00007ffe45340000 - 0x00007ffe45367000 	C:\Windows\System32\bcrypt.dll
0x00007ffe44ae0000 - 0x00007ffe44b0e000 	C:\Windows\SYSTEM32\USERENV.dll
0x00007ffe443f0000 - 0x00007ffe443fc000 	C:\Windows\SYSTEM32\CRYPTBASE.dll
0x00007ffe43f70000 - 0x00007ffe43fab000 	C:\Windows\SYSTEM32\IPHLPAPI.DLL
0x00007ffe47270000 - 0x00007ffe47278000 	C:\Windows\System32\NSI.dll
0x00007ffe3d050000 - 0x00007ffe3d067000 	C:\Windows\SYSTEM32\dhcpcsvc6.DLL
0x00007ffe3d160000 - 0x00007ffe3d17d000 	C:\Windows\SYSTEM32\dhcpcsvc.DLL
0x00007ffe43fb0000 - 0x00007ffe4407a000 	C:\Windows\SYSTEM32\DNSAPI.dll

dbghelp: loaded successfully - version: 4.0.5 - missing functions: none
symbol engine: initialized successfully - sym options: 0x614 - pdb path: .;C:\Program Files\Java\jdk-18\bin;C:\Windows\SYSTEM32;C:\Windows\WinSxS\amd64_microsoft.windows.common-controls_6595b64144ccf1df_6.0.19041.3570_none_60bb2a3971f3e41a;C:\Program Files\Java\jdk-18\bin\server;C:\Users\admin\.gradle\native\68d5fa5c4cc2d200863cafc0d521ce42e7d3e7ee720ec0a83991735586a16f82\windows-amd64

VM Arguments:
jvm_args: -Xmx64m -Xms64m -Dorg.gradle.appname=gradlew 
java_command: org.gradle.wrapper.GradleWrapperMain tasks
java_class_path (initial): C:\projects\neurax_react_native_app\neuraxreactnativeapp\android\\gradle\wrapper\gradle-wrapper.jar
Launcher Type: SUN_STANDARD

[Global flags]
     intx CICompilerCount                          = 3                                         {product} {ergonomic}
     uint ConcGCThreads                            = 1                                         {product} {ergonomic}
     uint G1ConcRefinementThreads                  = 4                                         {product} {ergonomic}
   size_t G1HeapRegionSize                         = 1048576                                   {product} {ergonomic}
    uintx GCDrainStackTargetSize                   = 64                                        {product} {ergonomic}
   size_t InitialHeapSize                          = 67108864                                  {product} {command line}
   size_t MarkStackSize                            = 4194304                                   {product} {ergonomic}
   size_t MaxHeapSize                              = 67108864                                  {product} {command line}
   size_t MaxNewSize                               = 39845888                                  {product} {ergonomic}
   size_t MinHeapDeltaBytes                        = 1048576                                   {product} {ergonomic}
   size_t MinHeapSize                              = 67108864                                  {product} {command line}
    uintx NonNMethodCodeHeapSize                   = 5832780                                {pd product} {ergonomic}
    uintx NonProfiledCodeHeapSize                  = 122912730                              {pd product} {ergonomic}
    uintx ProfiledCodeHeapSize                     = 122912730                              {pd product} {ergonomic}
    uintx ReservedCodeCacheSize                    = 251658240                              {pd product} {ergonomic}
     bool SegmentedCodeCache                       = true                                      {product} {ergonomic}
   size_t SoftMaxHeapSize                          = 67108864                               {manageable} {ergonomic}
     bool UseCompressedClassPointers               = true                           {product lp64_product} {ergonomic}
     bool UseCompressedOops                        = true                           {product lp64_product} {ergonomic}
     bool UseG1GC                                  = true                                      {product} {ergonomic}
     bool UseLargePagesIndividualAllocation        = false                                  {pd product} {ergonomic}

Logging:
Log output configuration:
 #0: stdout all=warning uptime,level,tags foldmultilines=false
 #1: stderr all=off uptime,level,tags foldmultilines=false

Environment Variables:
CLASSPATH=C:\projects\neurax_react_native_app\neuraxreactnativeapp\android\\gradle\wrapper\gradle-wrapper.jar
PATH=C:\projects\neurax_react_native_app\neuraxreactnativeapp\node_modules\.bin;C:\projects\neurax_react_native_app\neuraxreactnativeapp\node_modules\.bin;C:\projects\neurax_react_native_app\node_modules\.bin;C:\projects\node_modules\.bin;C:\node_modules\.bin;C:\Users\admin\AppData\Roaming\nvm\v18.18.2\node_modules\npm\node_modules\@npmcli\run-script\lib\node-gyp-bin;C:\projects\neurax_react_native_app\neuraxreactnativeapp\node_modules\.bin;C:\projects\neurax_react_native_app\neuraxreactnativeapp\node_modules\.bin;C:\projects\neurax_react_native_app\node_modules\.bin;C:\projects\node_modules\.bin;C:\node_modules\.bin;C:\Users\admin\AppData\Roaming\nvm\v18.18.2\node_modules\npm\node_modules\@npmcli\run-script\lib\node-gyp-bin;C:\Program Files\Common Files\Oracle\Java\javapath;C:\Windows\system32;C:\Windows;C:\Windows\System32\Wbem;C:\Windows\System32\WindowsPowerShell\v1.0\;C:\Windows\System32\OpenSSH\;C:\Program Files\OpenVPN\bin;C:\ghdl\bin\ghdl.exe;C:\gtkwave\bin\gtkwave.exe;C:\Program Files\MATLAB\R2022a\bin;C:\Program Files\Azure Data Studio\bin;C:\Program Files\Microsoft SQL Server\150\Tools\Binn\;C:\Program Files\Microsoft SQL Server\Client SDK\ODBC\170\Tools\Binn\;C:\Program Files\dotnet\;C:\Program Files\Git\cmd;C:\Program Files\PuTTY\;C:\Program Files\Docker\Docker\resources\bin;C:\ProgramData\DockerDesktop\version-bin;C:\Program Files (x86)\Microsoft SQL Server\160\Tools\Binn\;C:\Program Files\Microsoft SQL Server\160\Tools\Binn\;C:\Program Files\Microsoft SQL Server\160\DTS\Binn\;C:\Program Files (x86)\Microsoft SQL Server\160\DTS\Binn\;C:\Program Files (x86)\Windows Kits\8.1\Windows Performance Toolkit\;C:\Program Files\NVIDIA Corporation\NVIDIA NvDLISR;C:\Program Files\MySQL\MySQL Server 8.0\bin;C:\Users\admin\AppData\Roaming\nvm;C:\Program Files\nodejs;C:\Users\admin\AppData\Local\Programs\Python\Python311\Scripts\;C:\Users\admin\AppData\Local\Programs\Python\Python311\;C:\Program Files\MySQL\MySQL Shell 8.0\bin\;C:\Users\admin\AppData\Local\Microsoft\WindowsApps;C:\ghdl\bin;C:\gtkwave\bin;C:\Users\admin\AppData\Local\Programs\Microsoft VS Code\bin;C:\Users\admin\.dotnet\tools;C:\src\flutter\bin;C:\MinGW\bin
USERNAME=admin
LANG=en_US.UTF-8
OS=Windows_NT
PROCESSOR_IDENTIFIER=Intel64 Family 6 Model 142 Stepping 9, GenuineIntel



---------------  S Y S T E M  ---------------

OS:
 Windows 10 , 64 bit Build 19041 (10.0.19041.3570)
OS uptime: 0 days 6:49 hours
Hyper-V role detected

CPU: total 4 (initial active 4) (2 cores per cpu, 2 threads per core) family 6 model 142 stepping 9 microcode 0xb4, cx8, cmov, fxsr, ht, mmx, 3dnowpref, sse, sse2, sse3, ssse3, sse4.1, sse4.2, popcnt, lzcnt, tsc, tscinvbit, avx, avx2, aes, erms, clmul, bmi1, bmi2, adx, fma, vzeroupper, clflush, clflushopt, hv

Memory: 4k page, system-wide physical 8067M (188M free)
TotalPageFile size 32643M (AvailPageFile size 3M)
current process WorkingSet (physical memory assigned to process): 25M, peak: 78M
current process commit charge ("private bytes"): 152M, peak: 154M

vm_info: Java HotSpot(TM) 64-Bit Server VM (18+36-2087) for windows-amd64 JRE (18+36-2087), built on Feb 15 2022 09:43:11 by "mach5one" with MS VC++ 16.8 / 16.9 (VS2019)

END.
